ARM GAS  C:\Users\Arold\AppData\Local\Temp\cchDNdlk.s 			page 1


   1              		.syntax unified
   2              		.cpu cortex-m3
   3              		.fpu softvfp
   4              		.eabi_attribute 20, 1
   5              		.eabi_attribute 21, 1
   6              		.eabi_attribute 23, 3
   7              		.eabi_attribute 24, 1
   8              		.eabi_attribute 25, 1
   9              		.eabi_attribute 26, 1
  10              		.eabi_attribute 30, 1
  11              		.eabi_attribute 34, 1
  12              		.eabi_attribute 18, 4
  13              		.thumb
  14              		.syntax unified
  15              		.file	"CapSense_Pins.c"
  16              		.text
  17              	.Ltext0:
  18              		.cfi_sections	.debug_frame
  19              		.section	.text.CapSense_SetAllSensorsDriveMode,"ax",%progbits
  20              		.align	2
  21              		.global	CapSense_SetAllSensorsDriveMode
  22              		.thumb
  23              		.thumb_func
  24              		.type	CapSense_SetAllSensorsDriveMode, %function
  25              	CapSense_SetAllSensorsDriveMode:
  26              	.LFB0:
  27              		.file 1 "Generated_Source\\PSoC5\\CapSense_Pins.c"
   1:Generated_Source\PSoC5/CapSense_Pins.c **** /*******************************************************************************
   2:Generated_Source\PSoC5/CapSense_Pins.c **** * File Name: CapSense_Pins.c
   3:Generated_Source\PSoC5/CapSense_Pins.c **** * Version 3.50
   4:Generated_Source\PSoC5/CapSense_Pins.c **** *
   5:Generated_Source\PSoC5/CapSense_Pins.c **** * Description:
   6:Generated_Source\PSoC5/CapSense_Pins.c **** *  This file contains API to enable firmware control of a Pins component.
   7:Generated_Source\PSoC5/CapSense_Pins.c **** *
   8:Generated_Source\PSoC5/CapSense_Pins.c **** * Note:
   9:Generated_Source\PSoC5/CapSense_Pins.c **** *
  10:Generated_Source\PSoC5/CapSense_Pins.c **** ********************************************************************************
  11:Generated_Source\PSoC5/CapSense_Pins.c **** * Copyright 2008-2013, Cypress Semiconductor Corporation.  All rights reserved.
  12:Generated_Source\PSoC5/CapSense_Pins.c **** * You may use this file only in accordance with the license, terms, conditions,
  13:Generated_Source\PSoC5/CapSense_Pins.c **** * disclaimers, and limitations in the end user license agreement accompanying
  14:Generated_Source\PSoC5/CapSense_Pins.c **** * the software package with which this file was provided.
  15:Generated_Source\PSoC5/CapSense_Pins.c **** *******************************************************************************/
  16:Generated_Source\PSoC5/CapSense_Pins.c **** 
  17:Generated_Source\PSoC5/CapSense_Pins.c **** #include "CapSense_Pins.h"
  18:Generated_Source\PSoC5/CapSense_Pins.c **** 
  19:Generated_Source\PSoC5/CapSense_Pins.c **** 
  20:Generated_Source\PSoC5/CapSense_Pins.c **** /*******************************************************************************
  21:Generated_Source\PSoC5/CapSense_Pins.c **** * Function Name: CapSense_SetAllSensorsDriveMode
  22:Generated_Source\PSoC5/CapSense_Pins.c **** ********************************************************************************
  23:Generated_Source\PSoC5/CapSense_Pins.c **** *
  24:Generated_Source\PSoC5/CapSense_Pins.c **** * Summary:
  25:Generated_Source\PSoC5/CapSense_Pins.c **** *  Sets the drive mode for the all pins used by capacitive sensors within 
  26:Generated_Source\PSoC5/CapSense_Pins.c **** *  CapSense component.
  27:Generated_Source\PSoC5/CapSense_Pins.c **** * 
  28:Generated_Source\PSoC5/CapSense_Pins.c **** * Parameters:  
  29:Generated_Source\PSoC5/CapSense_Pins.c **** *  mode: Desired drive mode.
  30:Generated_Source\PSoC5/CapSense_Pins.c **** *
ARM GAS  C:\Users\Arold\AppData\Local\Temp\cchDNdlk.s 			page 2


  31:Generated_Source\PSoC5/CapSense_Pins.c **** * Return: 
  32:Generated_Source\PSoC5/CapSense_Pins.c **** *  None
  33:Generated_Source\PSoC5/CapSense_Pins.c **** *
  34:Generated_Source\PSoC5/CapSense_Pins.c **** *******************************************************************************/
  35:Generated_Source\PSoC5/CapSense_Pins.c **** void CapSense_SetAllSensorsDriveMode(uint8 mode) 
  36:Generated_Source\PSoC5/CapSense_Pins.c **** {
  28              		.loc 1 36 0
  29              		.cfi_startproc
  30              		@ args = 0, pretend = 0, frame = 0
  31              		@ frame_needed = 0, uses_anonymous_args = 0
  32              		@ link register save eliminated.
  33              	.LVL0:
  37:Generated_Source\PSoC5/CapSense_Pins.c ****     /* Set pins drive mode */
  38:Generated_Source\PSoC5/CapSense_Pins.c ****     CyPins_SetPinDriveMode(CapSense_PortCH0__DummyWidget__BTN, mode);
  34              		.loc 1 38 0
  35 0000 0022     		movs	r2, #0
  36 0002 1378     		ldrb	r3, [r2]	@ zero_extendqisi2
  37 0004 03F0F103 		and	r3, r3, #241
  38 0008 00F00E00 		and	r0, r0, #14
  39              	.LVL1:
  40 000c 1843     		orrs	r0, r0, r3
  41 000e 1070     		strb	r0, [r2]
  42 0010 7047     		bx	lr
  43              		.cfi_endproc
  44              	.LFE0:
  45              		.size	CapSense_SetAllSensorsDriveMode, .-CapSense_SetAllSensorsDriveMode
  46 0012 00BF     		.section	.text.CapSense_SetAllCmodsDriveMode,"ax",%progbits
  47              		.align	2
  48              		.global	CapSense_SetAllCmodsDriveMode
  49              		.thumb
  50              		.thumb_func
  51              		.type	CapSense_SetAllCmodsDriveMode, %function
  52              	CapSense_SetAllCmodsDriveMode:
  53              	.LFB1:
  39:Generated_Source\PSoC5/CapSense_Pins.c **** 
  40:Generated_Source\PSoC5/CapSense_Pins.c **** }
  41:Generated_Source\PSoC5/CapSense_Pins.c **** 
  42:Generated_Source\PSoC5/CapSense_Pins.c **** 
  43:Generated_Source\PSoC5/CapSense_Pins.c **** 
  44:Generated_Source\PSoC5/CapSense_Pins.c **** /*******************************************************************************
  45:Generated_Source\PSoC5/CapSense_Pins.c **** * Function Name: CapSense_SetAllCmodsDriveMode
  46:Generated_Source\PSoC5/CapSense_Pins.c **** ********************************************************************************
  47:Generated_Source\PSoC5/CapSense_Pins.c **** *
  48:Generated_Source\PSoC5/CapSense_Pins.c **** * Summary:
  49:Generated_Source\PSoC5/CapSense_Pins.c **** *  Sets the drive mode for the all pins used by Cmod capacitors within CapSense 
  50:Generated_Source\PSoC5/CapSense_Pins.c **** *  component.
  51:Generated_Source\PSoC5/CapSense_Pins.c **** * 
  52:Generated_Source\PSoC5/CapSense_Pins.c **** * Parameters:  
  53:Generated_Source\PSoC5/CapSense_Pins.c **** *  mode: Desired drive mode.
  54:Generated_Source\PSoC5/CapSense_Pins.c **** *
  55:Generated_Source\PSoC5/CapSense_Pins.c **** * Return: 
  56:Generated_Source\PSoC5/CapSense_Pins.c **** *  None
  57:Generated_Source\PSoC5/CapSense_Pins.c **** *
  58:Generated_Source\PSoC5/CapSense_Pins.c **** *******************************************************************************/
  59:Generated_Source\PSoC5/CapSense_Pins.c **** void CapSense_SetAllCmodsDriveMode(uint8 mode) 
  60:Generated_Source\PSoC5/CapSense_Pins.c **** {
  54              		.loc 1 60 0
ARM GAS  C:\Users\Arold\AppData\Local\Temp\cchDNdlk.s 			page 3


  55              		.cfi_startproc
  56              		@ args = 0, pretend = 0, frame = 0
  57              		@ frame_needed = 0, uses_anonymous_args = 0
  58              		@ link register save eliminated.
  59              	.LVL2:
  61:Generated_Source\PSoC5/CapSense_Pins.c ****    /* Set pins drive mode */
  62:Generated_Source\PSoC5/CapSense_Pins.c ****     CyPins_SetPinDriveMode(CapSense_CmodCH0_Cmod_CH0, mode);
  60              		.loc 1 62 0
  61 0000 044A     		ldr	r2, .L3
  62 0002 1378     		ldrb	r3, [r2]	@ zero_extendqisi2
  63 0004 03F0F103 		and	r3, r3, #241
  64 0008 00F00E00 		and	r0, r0, #14
  65              	.LVL3:
  66 000c 1843     		orrs	r0, r0, r3
  67 000e 1070     		strb	r0, [r2]
  68 0010 7047     		bx	lr
  69              	.L4:
  70 0012 00BF     		.align	2
  71              	.L3:
  72 0014 0C500040 		.word	1073762316
  73              		.cfi_endproc
  74              	.LFE1:
  75              		.size	CapSense_SetAllCmodsDriveMode, .-CapSense_SetAllCmodsDriveMode
  76              		.text
  77              	.Letext0:
  78              		.file 2 "Generated_Source\\PSoC5\\cytypes.h"
  79              		.section	.debug_info,"",%progbits
  80              	.Ldebug_info0:
  81 0000 EE000000 		.4byte	0xee
  82 0004 0400     		.2byte	0x4
  83 0006 00000000 		.4byte	.Ldebug_abbrev0
  84 000a 04       		.byte	0x4
  85 000b 01       		.uleb128 0x1
  86 000c 7A000000 		.4byte	.LASF17
  87 0010 0C       		.byte	0xc
  88 0011 21000000 		.4byte	.LASF18
  89 0015 55010000 		.4byte	.LASF19
  90 0019 00000000 		.4byte	.Ldebug_ranges0+0
  91 001d 00000000 		.4byte	0
  92 0021 00000000 		.4byte	.Ldebug_line0
  93 0025 02       		.uleb128 0x2
  94 0026 01       		.byte	0x1
  95 0027 06       		.byte	0x6
  96 0028 C8010000 		.4byte	.LASF0
  97 002c 02       		.uleb128 0x2
  98 002d 01       		.byte	0x1
  99 002e 08       		.byte	0x8
 100 002f 9F010000 		.4byte	.LASF1
 101 0033 02       		.uleb128 0x2
 102 0034 02       		.byte	0x2
 103 0035 05       		.byte	0x5
 104 0036 E0010000 		.4byte	.LASF2
 105 003a 02       		.uleb128 0x2
 106 003b 02       		.byte	0x2
 107 003c 07       		.byte	0x7
 108 003d 0E000000 		.4byte	.LASF3
 109 0041 02       		.uleb128 0x2
ARM GAS  C:\Users\Arold\AppData\Local\Temp\cchDNdlk.s 			page 4


 110 0042 04       		.byte	0x4
 111 0043 05       		.byte	0x5
 112 0044 B2010000 		.4byte	.LASF4
 113 0048 02       		.uleb128 0x2
 114 0049 04       		.byte	0x4
 115 004a 07       		.byte	0x7
 116 004b 26010000 		.4byte	.LASF5
 117 004f 02       		.uleb128 0x2
 118 0050 08       		.byte	0x8
 119 0051 05       		.byte	0x5
 120 0052 00000000 		.4byte	.LASF6
 121 0056 02       		.uleb128 0x2
 122 0057 08       		.byte	0x8
 123 0058 07       		.byte	0x7
 124 0059 38010000 		.4byte	.LASF7
 125 005d 03       		.uleb128 0x3
 126 005e 04       		.byte	0x4
 127 005f 05       		.byte	0x5
 128 0060 696E7400 		.ascii	"int\000"
 129 0064 02       		.uleb128 0x2
 130 0065 04       		.byte	0x4
 131 0066 07       		.byte	0x7
 132 0067 48000000 		.4byte	.LASF8
 133 006b 04       		.uleb128 0x4
 134 006c C2010000 		.4byte	.LASF12
 135 0070 02       		.byte	0x2
 136 0071 E901     		.2byte	0x1e9
 137 0073 2C000000 		.4byte	0x2c
 138 0077 02       		.uleb128 0x2
 139 0078 04       		.byte	0x4
 140 0079 04       		.byte	0x4
 141 007a 4F010000 		.4byte	.LASF9
 142 007e 02       		.uleb128 0x2
 143 007f 08       		.byte	0x8
 144 0080 04       		.byte	0x4
 145 0081 BB010000 		.4byte	.LASF10
 146 0085 02       		.uleb128 0x2
 147 0086 01       		.byte	0x1
 148 0087 08       		.byte	0x8
 149 0088 AD010000 		.4byte	.LASF11
 150 008c 04       		.uleb128 0x4
 151 008d EA010000 		.4byte	.LASF13
 152 0091 02       		.byte	0x2
 153 0092 9302     		.2byte	0x293
 154 0094 98000000 		.4byte	0x98
 155 0098 05       		.uleb128 0x5
 156 0099 6B000000 		.4byte	0x6b
 157 009d 02       		.uleb128 0x2
 158 009e 08       		.byte	0x8
 159 009f 04       		.byte	0x4
 160 00a0 D4010000 		.4byte	.LASF14
 161 00a4 02       		.uleb128 0x2
 162 00a5 04       		.byte	0x4
 163 00a6 07       		.byte	0x7
 164 00a7 EF010000 		.4byte	.LASF15
 165 00ab 06       		.uleb128 0x6
 166 00ac 55000000 		.4byte	.LASF20
ARM GAS  C:\Users\Arold\AppData\Local\Temp\cchDNdlk.s 			page 5


 167 00b0 01       		.byte	0x1
 168 00b1 23       		.byte	0x23
 169 00b2 00000000 		.4byte	.LFB0
 170 00b6 12000000 		.4byte	.LFE0-.LFB0
 171 00ba 01       		.uleb128 0x1
 172 00bb 9C       		.byte	0x9c
 173 00bc D0000000 		.4byte	0xd0
 174 00c0 07       		.uleb128 0x7
 175 00c1 75000000 		.4byte	.LASF16
 176 00c5 01       		.byte	0x1
 177 00c6 23       		.byte	0x23
 178 00c7 6B000000 		.4byte	0x6b
 179 00cb 00000000 		.4byte	.LLST0
 180 00cf 00       		.byte	0
 181 00d0 08       		.uleb128 0x8
 182 00d1 08010000 		.4byte	.LASF21
 183 00d5 01       		.byte	0x1
 184 00d6 3B       		.byte	0x3b
 185 00d7 00000000 		.4byte	.LFB1
 186 00db 18000000 		.4byte	.LFE1-.LFB1
 187 00df 01       		.uleb128 0x1
 188 00e0 9C       		.byte	0x9c
 189 00e1 07       		.uleb128 0x7
 190 00e2 75000000 		.4byte	.LASF16
 191 00e6 01       		.byte	0x1
 192 00e7 3B       		.byte	0x3b
 193 00e8 6B000000 		.4byte	0x6b
 194 00ec 21000000 		.4byte	.LLST1
 195 00f0 00       		.byte	0
 196 00f1 00       		.byte	0
 197              		.section	.debug_abbrev,"",%progbits
 198              	.Ldebug_abbrev0:
 199 0000 01       		.uleb128 0x1
 200 0001 11       		.uleb128 0x11
 201 0002 01       		.byte	0x1
 202 0003 25       		.uleb128 0x25
 203 0004 0E       		.uleb128 0xe
 204 0005 13       		.uleb128 0x13
 205 0006 0B       		.uleb128 0xb
 206 0007 03       		.uleb128 0x3
 207 0008 0E       		.uleb128 0xe
 208 0009 1B       		.uleb128 0x1b
 209 000a 0E       		.uleb128 0xe
 210 000b 55       		.uleb128 0x55
 211 000c 17       		.uleb128 0x17
 212 000d 11       		.uleb128 0x11
 213 000e 01       		.uleb128 0x1
 214 000f 10       		.uleb128 0x10
 215 0010 17       		.uleb128 0x17
 216 0011 00       		.byte	0
 217 0012 00       		.byte	0
 218 0013 02       		.uleb128 0x2
 219 0014 24       		.uleb128 0x24
 220 0015 00       		.byte	0
 221 0016 0B       		.uleb128 0xb
 222 0017 0B       		.uleb128 0xb
 223 0018 3E       		.uleb128 0x3e
ARM GAS  C:\Users\Arold\AppData\Local\Temp\cchDNdlk.s 			page 6


 224 0019 0B       		.uleb128 0xb
 225 001a 03       		.uleb128 0x3
 226 001b 0E       		.uleb128 0xe
 227 001c 00       		.byte	0
 228 001d 00       		.byte	0
 229 001e 03       		.uleb128 0x3
 230 001f 24       		.uleb128 0x24
 231 0020 00       		.byte	0
 232 0021 0B       		.uleb128 0xb
 233 0022 0B       		.uleb128 0xb
 234 0023 3E       		.uleb128 0x3e
 235 0024 0B       		.uleb128 0xb
 236 0025 03       		.uleb128 0x3
 237 0026 08       		.uleb128 0x8
 238 0027 00       		.byte	0
 239 0028 00       		.byte	0
 240 0029 04       		.uleb128 0x4
 241 002a 16       		.uleb128 0x16
 242 002b 00       		.byte	0
 243 002c 03       		.uleb128 0x3
 244 002d 0E       		.uleb128 0xe
 245 002e 3A       		.uleb128 0x3a
 246 002f 0B       		.uleb128 0xb
 247 0030 3B       		.uleb128 0x3b
 248 0031 05       		.uleb128 0x5
 249 0032 49       		.uleb128 0x49
 250 0033 13       		.uleb128 0x13
 251 0034 00       		.byte	0
 252 0035 00       		.byte	0
 253 0036 05       		.uleb128 0x5
 254 0037 35       		.uleb128 0x35
 255 0038 00       		.byte	0
 256 0039 49       		.uleb128 0x49
 257 003a 13       		.uleb128 0x13
 258 003b 00       		.byte	0
 259 003c 00       		.byte	0
 260 003d 06       		.uleb128 0x6
 261 003e 2E       		.uleb128 0x2e
 262 003f 01       		.byte	0x1
 263 0040 3F       		.uleb128 0x3f
 264 0041 19       		.uleb128 0x19
 265 0042 03       		.uleb128 0x3
 266 0043 0E       		.uleb128 0xe
 267 0044 3A       		.uleb128 0x3a
 268 0045 0B       		.uleb128 0xb
 269 0046 3B       		.uleb128 0x3b
 270 0047 0B       		.uleb128 0xb
 271 0048 27       		.uleb128 0x27
 272 0049 19       		.uleb128 0x19
 273 004a 11       		.uleb128 0x11
 274 004b 01       		.uleb128 0x1
 275 004c 12       		.uleb128 0x12
 276 004d 06       		.uleb128 0x6
 277 004e 40       		.uleb128 0x40
 278 004f 18       		.uleb128 0x18
 279 0050 9742     		.uleb128 0x2117
 280 0052 19       		.uleb128 0x19
ARM GAS  C:\Users\Arold\AppData\Local\Temp\cchDNdlk.s 			page 7


 281 0053 01       		.uleb128 0x1
 282 0054 13       		.uleb128 0x13
 283 0055 00       		.byte	0
 284 0056 00       		.byte	0
 285 0057 07       		.uleb128 0x7
 286 0058 05       		.uleb128 0x5
 287 0059 00       		.byte	0
 288 005a 03       		.uleb128 0x3
 289 005b 0E       		.uleb128 0xe
 290 005c 3A       		.uleb128 0x3a
 291 005d 0B       		.uleb128 0xb
 292 005e 3B       		.uleb128 0x3b
 293 005f 0B       		.uleb128 0xb
 294 0060 49       		.uleb128 0x49
 295 0061 13       		.uleb128 0x13
 296 0062 02       		.uleb128 0x2
 297 0063 17       		.uleb128 0x17
 298 0064 00       		.byte	0
 299 0065 00       		.byte	0
 300 0066 08       		.uleb128 0x8
 301 0067 2E       		.uleb128 0x2e
 302 0068 01       		.byte	0x1
 303 0069 3F       		.uleb128 0x3f
 304 006a 19       		.uleb128 0x19
 305 006b 03       		.uleb128 0x3
 306 006c 0E       		.uleb128 0xe
 307 006d 3A       		.uleb128 0x3a
 308 006e 0B       		.uleb128 0xb
 309 006f 3B       		.uleb128 0x3b
 310 0070 0B       		.uleb128 0xb
 311 0071 27       		.uleb128 0x27
 312 0072 19       		.uleb128 0x19
 313 0073 11       		.uleb128 0x11
 314 0074 01       		.uleb128 0x1
 315 0075 12       		.uleb128 0x12
 316 0076 06       		.uleb128 0x6
 317 0077 40       		.uleb128 0x40
 318 0078 18       		.uleb128 0x18
 319 0079 9742     		.uleb128 0x2117
 320 007b 19       		.uleb128 0x19
 321 007c 00       		.byte	0
 322 007d 00       		.byte	0
 323 007e 00       		.byte	0
 324              		.section	.debug_loc,"",%progbits
 325              	.Ldebug_loc0:
 326              	.LLST0:
 327 0000 00000000 		.4byte	.LVL0
 328 0004 0C000000 		.4byte	.LVL1
 329 0008 0100     		.2byte	0x1
 330 000a 50       		.byte	0x50
 331 000b 0C000000 		.4byte	.LVL1
 332 000f 12000000 		.4byte	.LFE0
 333 0013 0400     		.2byte	0x4
 334 0015 F3       		.byte	0xf3
 335 0016 01       		.uleb128 0x1
 336 0017 50       		.byte	0x50
 337 0018 9F       		.byte	0x9f
ARM GAS  C:\Users\Arold\AppData\Local\Temp\cchDNdlk.s 			page 8


 338 0019 00000000 		.4byte	0
 339 001d 00000000 		.4byte	0
 340              	.LLST1:
 341 0021 00000000 		.4byte	.LVL2
 342 0025 0C000000 		.4byte	.LVL3
 343 0029 0100     		.2byte	0x1
 344 002b 50       		.byte	0x50
 345 002c 0C000000 		.4byte	.LVL3
 346 0030 18000000 		.4byte	.LFE1
 347 0034 0400     		.2byte	0x4
 348 0036 F3       		.byte	0xf3
 349 0037 01       		.uleb128 0x1
 350 0038 50       		.byte	0x50
 351 0039 9F       		.byte	0x9f
 352 003a 00000000 		.4byte	0
 353 003e 00000000 		.4byte	0
 354              		.section	.debug_aranges,"",%progbits
 355 0000 24000000 		.4byte	0x24
 356 0004 0200     		.2byte	0x2
 357 0006 00000000 		.4byte	.Ldebug_info0
 358 000a 04       		.byte	0x4
 359 000b 00       		.byte	0
 360 000c 0000     		.2byte	0
 361 000e 0000     		.2byte	0
 362 0010 00000000 		.4byte	.LFB0
 363 0014 12000000 		.4byte	.LFE0-.LFB0
 364 0018 00000000 		.4byte	.LFB1
 365 001c 18000000 		.4byte	.LFE1-.LFB1
 366 0020 00000000 		.4byte	0
 367 0024 00000000 		.4byte	0
 368              		.section	.debug_ranges,"",%progbits
 369              	.Ldebug_ranges0:
 370 0000 00000000 		.4byte	.LFB0
 371 0004 12000000 		.4byte	.LFE0
 372 0008 00000000 		.4byte	.LFB1
 373 000c 18000000 		.4byte	.LFE1
 374 0010 00000000 		.4byte	0
 375 0014 00000000 		.4byte	0
 376              		.section	.debug_line,"",%progbits
 377              	.Ldebug_line0:
 378 0000 70000000 		.section	.debug_str,"MS",%progbits,1
 378      02004A00 
 378      00000201 
 378      FB0E0D00 
 378      01010101 
 379              	.LASF6:
 380 0000 6C6F6E67 		.ascii	"long long int\000"
 380      206C6F6E 
 380      6720696E 
 380      7400
 381              	.LASF3:
 382 000e 73686F72 		.ascii	"short unsigned int\000"
 382      7420756E 
 382      7369676E 
 382      65642069 
 382      6E7400
 383              	.LASF18:
ARM GAS  C:\Users\Arold\AppData\Local\Temp\cchDNdlk.s 			page 9


 384 0021 47656E65 		.ascii	"Generated_Source\\PSoC5\\CapSense_Pins.c\000"
 384      72617465 
 384      645F536F 
 384      75726365 
 384      5C50536F 
 385              	.LASF8:
 386 0048 756E7369 		.ascii	"unsigned int\000"
 386      676E6564 
 386      20696E74 
 386      00
 387              	.LASF20:
 388 0055 43617053 		.ascii	"CapSense_SetAllSensorsDriveMode\000"
 388      656E7365 
 388      5F536574 
 388      416C6C53 
 388      656E736F 
 389              	.LASF16:
 390 0075 6D6F6465 		.ascii	"mode\000"
 390      00
 391              	.LASF17:
 392 007a 474E5520 		.ascii	"GNU C11 5.4.1 20160609 (release) [ARM/embedded-5-br"
 392      43313120 
 392      352E342E 
 392      31203230 
 392      31363036 
 393 00ad 616E6368 		.ascii	"anch revision 237715] -mcpu=cortex-m3 -mthumb -g -O"
 393      20726576 
 393      6973696F 
 393      6E203233 
 393      37373135 
 394 00e0 67202D66 		.ascii	"g -ffunction-sections -ffat-lto-objects\000"
 394      66756E63 
 394      74696F6E 
 394      2D736563 
 394      74696F6E 
 395              	.LASF21:
 396 0108 43617053 		.ascii	"CapSense_SetAllCmodsDriveMode\000"
 396      656E7365 
 396      5F536574 
 396      416C6C43 
 396      6D6F6473 
 397              	.LASF5:
 398 0126 6C6F6E67 		.ascii	"long unsigned int\000"
 398      20756E73 
 398      69676E65 
 398      6420696E 
 398      7400
 399              	.LASF7:
 400 0138 6C6F6E67 		.ascii	"long long unsigned int\000"
 400      206C6F6E 
 400      6720756E 
 400      7369676E 
 400      65642069 
 401              	.LASF9:
 402 014f 666C6F61 		.ascii	"float\000"
 402      7400
 403              	.LASF19:
ARM GAS  C:\Users\Arold\AppData\Local\Temp\cchDNdlk.s 			page 10


 404 0155 433A5C55 		.ascii	"C:\\Users\\Arold\\Documents\\GitHub\\Green-House\\G"
 404      73657273 
 404      5C41726F 
 404      6C645C44 
 404      6F63756D 
 405 0182 7265656E 		.ascii	"reen_House\\Green_House.cydsn\000"
 405      5F486F75 
 405      73655C47 
 405      7265656E 
 405      5F486F75 
 406              	.LASF1:
 407 019f 756E7369 		.ascii	"unsigned char\000"
 407      676E6564 
 407      20636861 
 407      7200
 408              	.LASF11:
 409 01ad 63686172 		.ascii	"char\000"
 409      00
 410              	.LASF4:
 411 01b2 6C6F6E67 		.ascii	"long int\000"
 411      20696E74 
 411      00
 412              	.LASF10:
 413 01bb 646F7562 		.ascii	"double\000"
 413      6C6500
 414              	.LASF12:
 415 01c2 75696E74 		.ascii	"uint8\000"
 415      3800
 416              	.LASF0:
 417 01c8 7369676E 		.ascii	"signed char\000"
 417      65642063 
 417      68617200 
 418              	.LASF14:
 419 01d4 6C6F6E67 		.ascii	"long double\000"
 419      20646F75 
 419      626C6500 
 420              	.LASF2:
 421 01e0 73686F72 		.ascii	"short int\000"
 421      7420696E 
 421      7400
 422              	.LASF13:
 423 01ea 72656738 		.ascii	"reg8\000"
 423      00
 424              	.LASF15:
 425 01ef 73697A65 		.ascii	"sizetype\000"
 425      74797065 
 425      00
 426              		.ident	"GCC: (GNU Tools for ARM Embedded Processors) 5.4.1 20160609 (release) [ARM/embedded-5-bran
