ARM GAS  C:\Users\yamen\AppData\Local\Temp\ccP7Xh6g.s 			page 1


   1              		.syntax unified
   2              		.cpu cortex-m3
   3              		.fpu softvfp
   4              		.eabi_attribute 20, 1
   5              		.eabi_attribute 21, 1
   6              		.eabi_attribute 23, 3
   7              		.eabi_attribute 24, 1
   8              		.eabi_attribute 25, 1
   9              		.eabi_attribute 26, 1
  10              		.eabi_attribute 30, 1
  11              		.eabi_attribute 34, 1
  12              		.eabi_attribute 18, 4
  13              		.thumb
  14              		.syntax unified
  15              		.file	"cymetadata.c"
  16              		.text
  17              	.Ltext0:
  18              		.cfi_sections	.debug_frame
  19              		.global	cy_metadata
  20              		.global	cy_meta_flashprotect
  21              		.global	cy_meta_wonvl
  22              		.global	cy_meta_custnvl
  23              		.global	cy_meta_configecc
  24              		.section	.cyconfigecc,"a",%progbits
  25              		.align	2
  26              		.type	cy_meta_configecc, %object
  27              		.size	cy_meta_configecc, 1884
  28              	cy_meta_configecc:
  29 0000 03       		.byte	3
  30 0001 52       		.byte	82
  31 0002 00       		.byte	0
  32 0003 40       		.byte	64
  33 0004 03       		.byte	3
  34 0005 64       		.byte	100
  35 0006 00       		.byte	0
  36 0007 40       		.byte	64
  37 0008 03       		.byte	3
  38 0009 65       		.byte	101
  39 000a 00       		.byte	0
  40 000b 40       		.byte	64
  41 000c 01       		.byte	1
  42 000d 03       		.byte	3
  43 000e 01       		.byte	1
  44 000f 40       		.byte	64
  45 0010 04       		.byte	4
  46 0011 04       		.byte	4
  47 0012 01       		.byte	1
  48 0013 40       		.byte	64
  49 0014 02       		.byte	2
  50 0015 05       		.byte	5
  51 0016 01       		.byte	1
  52 0017 40       		.byte	64
  53 0018 01       		.byte	1
  54 0019 07       		.byte	7
  55 001a 01       		.byte	1
  56 001b 40       		.byte	64
  57 001c 5B       		.byte	91
ARM GAS  C:\Users\yamen\AppData\Local\Temp\ccP7Xh6g.s 			page 2


  58 001d 08       		.byte	8
  59 001e 01       		.byte	1
  60 001f 40       		.byte	64
  61 0020 35       		.byte	53
  62 0021 09       		.byte	9
  63 0022 01       		.byte	1
  64 0023 40       		.byte	64
  65 0024 3B       		.byte	59
  66 0025 0A       		.byte	10
  67 0026 01       		.byte	1
  68 0027 40       		.byte	64
  69 0028 29       		.byte	41
  70 0029 0B       		.byte	11
  71 002a 01       		.byte	1
  72 002b 40       		.byte	64
  73 002c 3D       		.byte	61
  74 002d 0C       		.byte	12
  75 002e 01       		.byte	1
  76 002f 40       		.byte	64
  77 0030 2F       		.byte	47
  78 0031 0D       		.byte	13
  79 0032 01       		.byte	1
  80 0033 40       		.byte	64
  81 0034 41       		.byte	65
  82 0035 14       		.byte	20
  83 0036 01       		.byte	1
  84 0037 40       		.byte	64
  85 0038 1F       		.byte	31
  86 0039 15       		.byte	21
  87 003a 01       		.byte	1
  88 003b 40       		.byte	64
  89 003c 01       		.byte	1
  90 003d 17       		.byte	23
  91 003e 01       		.byte	1
  92 003f 40       		.byte	64
  93 0040 4F       		.byte	79
  94 0041 18       		.byte	24
  95 0042 01       		.byte	1
  96 0043 40       		.byte	64
  97 0044 2D       		.byte	45
  98 0045 19       		.byte	25
  99 0046 01       		.byte	1
 100 0047 40       		.byte	64
 101 0048 5A       		.byte	90
 102 0049 1A       		.byte	26
 103 004a 01       		.byte	1
 104 004b 40       		.byte	64
 105 004c 42       		.byte	66
 106 004d 1B       		.byte	27
 107 004e 01       		.byte	1
 108 004f 40       		.byte	64
 109 0050 06       		.byte	6
 110 0051 40       		.byte	64
 111 0052 01       		.byte	1
 112 0053 40       		.byte	64
 113 0054 0F       		.byte	15
 114 0055 41       		.byte	65
ARM GAS  C:\Users\yamen\AppData\Local\Temp\ccP7Xh6g.s 			page 3


 115 0056 01       		.byte	1
 116 0057 40       		.byte	64
 117 0058 09       		.byte	9
 118 0059 42       		.byte	66
 119 005a 01       		.byte	1
 120 005b 40       		.byte	64
 121 005c 07       		.byte	7
 122 005d 43       		.byte	67
 123 005e 01       		.byte	1
 124 005f 40       		.byte	64
 125 0060 04       		.byte	4
 126 0061 44       		.byte	68
 127 0062 01       		.byte	1
 128 0063 40       		.byte	64
 129 0064 03       		.byte	3
 130 0065 45       		.byte	69
 131 0066 01       		.byte	1
 132 0067 40       		.byte	64
 133 0068 0A       		.byte	10
 134 0069 46       		.byte	70
 135 006a 01       		.byte	1
 136 006b 40       		.byte	64
 137 006c 08       		.byte	8
 138 006d 47       		.byte	71
 139 006e 01       		.byte	1
 140 006f 40       		.byte	64
 141 0070 06       		.byte	6
 142 0071 48       		.byte	72
 143 0072 01       		.byte	1
 144 0073 40       		.byte	64
 145 0074 09       		.byte	9
 146 0075 49       		.byte	73
 147 0076 01       		.byte	1
 148 0077 40       		.byte	64
 149 0078 0D       		.byte	13
 150 0079 4C       		.byte	76
 151 007a 01       		.byte	1
 152 007b 40       		.byte	64
 153 007c 07       		.byte	7
 154 007d 4D       		.byte	77
 155 007e 01       		.byte	1
 156 007f 40       		.byte	64
 157 0080 06       		.byte	6
 158 0081 50       		.byte	80
 159 0082 01       		.byte	1
 160 0083 40       		.byte	64
 161 0084 03       		.byte	3
 162 0085 51       		.byte	81
 163 0086 01       		.byte	1
 164 0087 40       		.byte	64
 165 0088 01       		.byte	1
 166 0089 40       		.byte	64
 167 008a 04       		.byte	4
 168 008b C0       		.byte	-64
 169 008c 64       		.byte	100
 170 008d 40       		.byte	64
 171 008e 88       		.byte	-120
ARM GAS  C:\Users\yamen\AppData\Local\Temp\ccP7Xh6g.s 			page 4


 172 008f 0D       		.byte	13
 173 0090 89       		.byte	-119
 174 0091 38       		.byte	56
 175 0092 8D       		.byte	-115
 176 0093 0F       		.byte	15
 177 0094 85       		.byte	-123
 178 0095 0D       		.byte	13
 179 0096 89       		.byte	-119
 180 0097 72       		.byte	114
 181 0098 8B       		.byte	-117
 182 0099 0D       		.byte	13
 183 009a E6       		.byte	-26
 184 009b C2       		.byte	-62
 185 009c B8       		.byte	-72
 186 009d 02       		.byte	2
 187 009e BE       		.byte	-66
 188 009f 01       		.byte	1
 189 00a0 D8       		.byte	-40
 190 00a1 04       		.byte	4
 191 00a2 DF       		.byte	-33
 192 00a3 01       		.byte	1
 193 00a4 1D       		.byte	29
 194 00a5 01       		.byte	1
 195 00a6 E8       		.byte	-24
 196 00a7 11       		.byte	17
 197 00a8 B5       		.byte	-75
 198 00a9 01       		.byte	1
 199 00aa 16       		.byte	22
 200 00ab 01       		.byte	1
 201 00ac 2E       		.byte	46
 202 00ad 01       		.byte	1
 203 00ae 30       		.byte	48
 204 00af 01       		.byte	1
 205 00b0 3E       		.byte	62
 206 00b1 01       		.byte	1
 207 00b2 40       		.byte	64
 208 00b3 46       		.byte	70
 209 00b4 45       		.byte	69
 210 00b5 EC       		.byte	-20
 211 00b6 46       		.byte	70
 212 00b7 20       		.byte	32
 213 00b8 48       		.byte	72
 214 00b9 0B       		.byte	11
 215 00ba 49       		.byte	73
 216 00bb FF       		.byte	-1
 217 00bc 4A       		.byte	74
 218 00bd FF       		.byte	-1
 219 00be 4B       		.byte	75
 220 00bf FF       		.byte	-1
 221 00c0 4F       		.byte	79
 222 00c1 01       		.byte	1
 223 00c2 50       		.byte	80
 224 00c3 18       		.byte	24
 225 00c4 52       		.byte	82
 226 00c5 80       		.byte	-128
 227 00c6 54       		.byte	84
 228 00c7 01       		.byte	1
ARM GAS  C:\Users\yamen\AppData\Local\Temp\ccP7Xh6g.s 			page 5


 229 00c8 56       		.byte	86
 230 00c9 04       		.byte	4
 231 00ca 58       		.byte	88
 232 00cb 04       		.byte	4
 233 00cc 5A       		.byte	90
 234 00cd 04       		.byte	4
 235 00ce 5B       		.byte	91
 236 00cf 04       		.byte	4
 237 00d0 5D       		.byte	93
 238 00d1 33       		.byte	51
 239 00d2 5F       		.byte	95
 240 00d3 01       		.byte	1
 241 00d4 60       		.byte	96
 242 00d5 40       		.byte	64
 243 00d6 62       		.byte	98
 244 00d7 40       		.byte	64
 245 00d8 64       		.byte	100
 246 00d9 40       		.byte	64
 247 00da 65       		.byte	101
 248 00db 40       		.byte	64
 249 00dc 66       		.byte	102
 250 00dd 80       		.byte	-128
 251 00de 68       		.byte	104
 252 00df 80       		.byte	-128
 253 00e0 6A       		.byte	106
 254 00e1 80       		.byte	-128
 255 00e2 6C       		.byte	108
 256 00e3 80       		.byte	-128
 257 00e4 6E       		.byte	110
 258 00e5 80       		.byte	-128
 259 00e6 80       		.byte	-128
 260 00e7 10       		.byte	16
 261 00e8 82       		.byte	-126
 262 00e9 0C       		.byte	12
 263 00ea 87       		.byte	-121
 264 00eb 04       		.byte	4
 265 00ec 88       		.byte	-120
 266 00ed 38       		.byte	56
 267 00ee 8B       		.byte	-117
 268 00ef 04       		.byte	4
 269 00f0 8C       		.byte	-116
 270 00f1 20       		.byte	32
 271 00f2 8E       		.byte	-114
 272 00f3 0C       		.byte	12
 273 00f4 8F       		.byte	-113
 274 00f5 02       		.byte	2
 275 00f6 92       		.byte	-110
 276 00f7 01       		.byte	1
 277 00f8 95       		.byte	-107
 278 00f9 01       		.byte	1
 279 00fa 96       		.byte	-106
 280 00fb 01       		.byte	1
 281 00fc 98       		.byte	-104
 282 00fd 08       		.byte	8
 283 00fe 9A       		.byte	-102
 284 00ff 32       		.byte	50
 285 0100 9C       		.byte	-100
ARM GAS  C:\Users\yamen\AppData\Local\Temp\ccP7Xh6g.s 			page 6


 286 0101 01       		.byte	1
 287 0102 9F       		.byte	-97
 288 0103 02       		.byte	2
 289 0104 A1       		.byte	-95
 290 0105 01       		.byte	1
 291 0106 A4       		.byte	-92
 292 0107 38       		.byte	56
 293 0108 A8       		.byte	-88
 294 0109 01       		.byte	1
 295 010a A9       		.byte	-87
 296 010b 01       		.byte	1
 297 010c AD       		.byte	-83
 298 010d 01       		.byte	1
 299 010e B0       		.byte	-80
 300 010f 01       		.byte	1
 301 0110 B1       		.byte	-79
 302 0111 01       		.byte	1
 303 0112 B4       		.byte	-76
 304 0113 38       		.byte	56
 305 0114 B5       		.byte	-75
 306 0115 02       		.byte	2
 307 0116 B6       		.byte	-74
 308 0117 06       		.byte	6
 309 0118 B7       		.byte	-73
 310 0119 04       		.byte	4
 311 011a B8       		.byte	-72
 312 011b 02       		.byte	2
 313 011c BE       		.byte	-66
 314 011d 40       		.byte	64
 315 011e BF       		.byte	-65
 316 011f 51       		.byte	81
 317 0120 C0       		.byte	-64
 318 0121 42       		.byte	66
 319 0122 C1       		.byte	-63
 320 0123 06       		.byte	6
 321 0124 C2       		.byte	-62
 322 0125 03       		.byte	3
 323 0126 C4       		.byte	-60
 324 0127 01       		.byte	1
 325 0128 C5       		.byte	-59
 326 0129 E0       		.byte	-32
 327 012a C7       		.byte	-57
 328 012b 0C       		.byte	12
 329 012c C8       		.byte	-56
 330 012d 12       		.byte	18
 331 012e C9       		.byte	-55
 332 012f FF       		.byte	-1
 333 0130 CA       		.byte	-54
 334 0131 FF       		.byte	-1
 335 0132 CB       		.byte	-53
 336 0133 FF       		.byte	-1
 337 0134 CC       		.byte	-52
 338 0135 62       		.byte	98
 339 0136 CD       		.byte	-51
 340 0137 A0       		.byte	-96
 341 0138 CE       		.byte	-50
 342 0139 F0       		.byte	-16
ARM GAS  C:\Users\yamen\AppData\Local\Temp\ccP7Xh6g.s 			page 7


 343 013a CF       		.byte	-49
 344 013b 41       		.byte	65
 345 013c D0       		.byte	-48
 346 013d 0C       		.byte	12
 347 013e D4       		.byte	-44
 348 013f 18       		.byte	24
 349 0140 D6       		.byte	-42
 350 0141 04       		.byte	4
 351 0142 D8       		.byte	-40
 352 0143 04       		.byte	4
 353 0144 D9       		.byte	-39
 354 0145 04       		.byte	4
 355 0146 DA       		.byte	-38
 356 0147 04       		.byte	4
 357 0148 DB       		.byte	-37
 358 0149 04       		.byte	4
 359 014a DC       		.byte	-36
 360 014b 02       		.byte	2
 361 014c DD       		.byte	-35
 362 014d 22       		.byte	34
 363 014e DF       		.byte	-33
 364 014f 01       		.byte	1
 365 0150 E6       		.byte	-26
 366 0151 40       		.byte	64
 367 0152 E7       		.byte	-25
 368 0153 02       		.byte	2
 369 0154 E9       		.byte	-23
 370 0155 10       		.byte	16
 371 0156 EA       		.byte	-22
 372 0157 30       		.byte	48
 373 0158 EB       		.byte	-21
 374 0159 10       		.byte	16
 375 015a ED       		.byte	-19
 376 015b 10       		.byte	16
 377 015c EE       		.byte	-18
 378 015d 10       		.byte	16
 379 015e EF       		.byte	-17
 380 015f 12       		.byte	18
 381 0160 00       		.byte	0
 382 0161 82       		.byte	-126
 383 0162 01       		.byte	1
 384 0163 10       		.byte	16
 385 0164 08       		.byte	8
 386 0165 81       		.byte	-127
 387 0166 09       		.byte	9
 388 0167 08       		.byte	8
 389 0168 0A       		.byte	10
 390 0169 04       		.byte	4
 391 016a 0F       		.byte	15
 392 016b 20       		.byte	32
 393 016c 10       		.byte	16
 394 016d 04       		.byte	4
 395 016e 11       		.byte	17
 396 016f 04       		.byte	4
 397 0170 17       		.byte	23
 398 0171 80       		.byte	-128
 399 0172 18       		.byte	24
ARM GAS  C:\Users\yamen\AppData\Local\Temp\ccP7Xh6g.s 			page 8


 400 0173 41       		.byte	65
 401 0174 1A       		.byte	26
 402 0175 04       		.byte	4
 403 0176 1B       		.byte	27
 404 0177 20       		.byte	32
 405 0178 1E       		.byte	30
 406 0179 80       		.byte	-128
 407 017a 20       		.byte	32
 408 017b 04       		.byte	4
 409 017c 21       		.byte	33
 410 017d 80       		.byte	-128
 411 017e 22       		.byte	34
 412 017f 01       		.byte	1
 413 0180 28       		.byte	40
 414 0181 85       		.byte	-123
 415 0182 29       		.byte	41
 416 0183 52       		.byte	82
 417 0184 30       		.byte	48
 418 0185 80       		.byte	-128
 419 0186 31       		.byte	49
 420 0187 08       		.byte	8
 421 0188 38       		.byte	56
 422 0189 58       		.byte	88
 423 018a 3B       		.byte	59
 424 018b 10       		.byte	16
 425 018c 40       		.byte	64
 426 018d 91       		.byte	-111
 427 018e 41       		.byte	65
 428 018f 10       		.byte	16
 429 0190 46       		.byte	70
 430 0191 80       		.byte	-128
 431 0192 48       		.byte	72
 432 0193 80       		.byte	-128
 433 0194 49       		.byte	73
 434 0195 10       		.byte	16
 435 0196 4F       		.byte	79
 436 0197 25       		.byte	37
 437 0198 50       		.byte	80
 438 0199 04       		.byte	4
 439 019a 57       		.byte	87
 440 019b 10       		.byte	16
 441 019c 59       		.byte	89
 442 019d 01       		.byte	1
 443 019e 5E       		.byte	94
 444 019f 80       		.byte	-128
 445 01a0 5F       		.byte	95
 446 01a1 05       		.byte	5
 447 01a2 60       		.byte	96
 448 01a3 04       		.byte	4
 449 01a4 61       		.byte	97
 450 01a5 80       		.byte	-128
 451 01a6 62       		.byte	98
 452 01a7 01       		.byte	1
 453 01a8 67       		.byte	103
 454 01a9 80       		.byte	-128
 455 01aa 76       		.byte	118
 456 01ab 80       		.byte	-128
ARM GAS  C:\Users\yamen\AppData\Local\Temp\ccP7Xh6g.s 			page 9


 457 01ac 77       		.byte	119
 458 01ad 80       		.byte	-128
 459 01ae 97       		.byte	-105
 460 01af 80       		.byte	-128
 461 01b0 9E       		.byte	-98
 462 01b1 01       		.byte	1
 463 01b2 B0       		.byte	-80
 464 01b3 01       		.byte	1
 465 01b4 C0       		.byte	-64
 466 01b5 0B       		.byte	11
 467 01b6 C2       		.byte	-62
 468 01b7 2F       		.byte	47
 469 01b8 C4       		.byte	-60
 470 01b9 86       		.byte	-122
 471 01ba CA       		.byte	-54
 472 01bb 0D       		.byte	13
 473 01bc CC       		.byte	-52
 474 01bd 0A       		.byte	10
 475 01be CE       		.byte	-50
 476 01bf 0E       		.byte	14
 477 01c0 D0       		.byte	-48
 478 01c1 8F       		.byte	-113
 479 01c2 D2       		.byte	-46
 480 01c3 24       		.byte	36
 481 01c4 D6       		.byte	-42
 482 01c5 D1       		.byte	-47
 483 01c6 D8       		.byte	-40
 484 01c7 8D       		.byte	-115
 485 01c8 EC       		.byte	-20
 486 01c9 40       		.byte	64
 487 01ca 00       		.byte	0
 488 01cb 1C       		.byte	28
 489 01cc 02       		.byte	2
 490 01cd 02       		.byte	2
 491 01ce 0D       		.byte	13
 492 01cf 01       		.byte	1
 493 01d0 0E       		.byte	14
 494 01d1 03       		.byte	3
 495 01d2 10       		.byte	16
 496 01d3 0C       		.byte	12
 497 01d4 12       		.byte	18
 498 01d5 11       		.byte	17
 499 01d6 1C       		.byte	28
 500 01d7 10       		.byte	16
 501 01d8 1E       		.byte	30
 502 01d9 0C       		.byte	12
 503 01da 20       		.byte	32
 504 01db 10       		.byte	16
 505 01dc 24       		.byte	36
 506 01dd 14       		.byte	20
 507 01de 28       		.byte	40
 508 01df 09       		.byte	9
 509 01e0 2A       		.byte	42
 510 01e1 10       		.byte	16
 511 01e2 30       		.byte	48
 512 01e3 1F       		.byte	31
 513 01e4 37       		.byte	55
ARM GAS  C:\Users\yamen\AppData\Local\Temp\ccP7Xh6g.s 			page 10


 514 01e5 01       		.byte	1
 515 01e6 3F       		.byte	63
 516 01e7 40       		.byte	64
 517 01e8 58       		.byte	88
 518 01e9 04       		.byte	4
 519 01ea 59       		.byte	89
 520 01eb 04       		.byte	4
 521 01ec 5C       		.byte	92
 522 01ed 02       		.byte	2
 523 01ee 5F       		.byte	95
 524 01ef 01       		.byte	1
 525 01f0 80       		.byte	-128
 526 01f1 06       		.byte	6
 527 01f2 81       		.byte	-127
 528 01f3 01       		.byte	1
 529 01f4 82       		.byte	-126
 530 01f5 01       		.byte	1
 531 01f6 83       		.byte	-125
 532 01f7 06       		.byte	6
 533 01f8 8B       		.byte	-117
 534 01f9 03       		.byte	3
 535 01fa 92       		.byte	-110
 536 01fb 03       		.byte	3
 537 01fc 96       		.byte	-106
 538 01fd 01       		.byte	1
 539 01fe 97       		.byte	-105
 540 01ff 0C       		.byte	12
 541 0200 9D       		.byte	-99
 542 0201 0C       		.byte	12
 543 0202 9E       		.byte	-98
 544 0203 05       		.byte	5
 545 0204 9F       		.byte	-97
 546 0205 03       		.byte	3
 547 0206 A2       		.byte	-94
 548 0207 02       		.byte	2
 549 0208 A3       		.byte	-93
 550 0209 08       		.byte	8
 551 020a A6       		.byte	-90
 552 020b 06       		.byte	6
 553 020c AD       		.byte	-83
 554 020d 01       		.byte	1
 555 020e AF       		.byte	-81
 556 020f 0E       		.byte	14
 557 0210 B0       		.byte	-80
 558 0211 07       		.byte	7
 559 0212 B1       		.byte	-79
 560 0213 0F       		.byte	15
 561 0214 BA       		.byte	-70
 562 0215 02       		.byte	2
 563 0216 BB       		.byte	-69
 564 0217 02       		.byte	2
 565 0218 C0       		.byte	-64
 566 0219 03       		.byte	3
 567 021a C5       		.byte	-59
 568 021b 40       		.byte	64
 569 021c C9       		.byte	-55
 570 021d FF       		.byte	-1
ARM GAS  C:\Users\yamen\AppData\Local\Temp\ccP7Xh6g.s 			page 11


 571 021e CA       		.byte	-54
 572 021f 07       		.byte	7
 573 0220 CB       		.byte	-53
 574 0221 FF       		.byte	-1
 575 0222 CC       		.byte	-52
 576 0223 40       		.byte	64
 577 0224 CD       		.byte	-51
 578 0225 20       		.byte	32
 579 0226 CE       		.byte	-50
 580 0227 F0       		.byte	-16
 581 0228 CF       		.byte	-49
 582 0229 05       		.byte	5
 583 022a D0       		.byte	-48
 584 022b 08       		.byte	8
 585 022c D8       		.byte	-40
 586 022d 04       		.byte	4
 587 022e D9       		.byte	-39
 588 022f 04       		.byte	4
 589 0230 DA       		.byte	-38
 590 0231 04       		.byte	4
 591 0232 DC       		.byte	-36
 592 0233 22       		.byte	34
 593 0234 DD       		.byte	-35
 594 0235 02       		.byte	2
 595 0236 DF       		.byte	-33
 596 0237 01       		.byte	1
 597 0238 E0       		.byte	-32
 598 0239 40       		.byte	64
 599 023a E1       		.byte	-31
 600 023b A8       		.byte	-88
 601 023c E2       		.byte	-30
 602 023d 40       		.byte	64
 603 023e E3       		.byte	-29
 604 023f 20       		.byte	32
 605 0240 00       		.byte	0
 606 0241 40       		.byte	64
 607 0242 03       		.byte	3
 608 0243 40       		.byte	64
 609 0244 07       		.byte	7
 610 0245 40       		.byte	64
 611 0246 0A       		.byte	10
 612 0247 41       		.byte	65
 613 0248 0E       		.byte	14
 614 0249 41       		.byte	65
 615 024a 0F       		.byte	15
 616 024b 20       		.byte	32
 617 024c 10       		.byte	16
 618 024d A4       		.byte	-92
 619 024e 15       		.byte	21
 620 024f 01       		.byte	1
 621 0250 17       		.byte	23
 622 0251 04       		.byte	4
 623 0252 18       		.byte	24
 624 0253 40       		.byte	64
 625 0254 1E       		.byte	30
 626 0255 40       		.byte	64
 627 0256 20       		.byte	32
ARM GAS  C:\Users\yamen\AppData\Local\Temp\ccP7Xh6g.s 			page 12


 628 0257 02       		.byte	2
 629 0258 27       		.byte	39
 630 0259 40       		.byte	64
 631 025a 2D       		.byte	45
 632 025b 01       		.byte	1
 633 025c 2E       		.byte	46
 634 025d 40       		.byte	64
 635 025e 34       		.byte	52
 636 025f 04       		.byte	4
 637 0260 37       		.byte	55
 638 0261 44       		.byte	68
 639 0262 38       		.byte	56
 640 0263 40       		.byte	64
 641 0264 3E       		.byte	62
 642 0265 01       		.byte	1
 643 0266 3F       		.byte	63
 644 0267 20       		.byte	32
 645 0268 45       		.byte	69
 646 0269 08       		.byte	8
 647 026a 4C       		.byte	76
 648 026b 80       		.byte	-128
 649 026c 4D       		.byte	77
 650 026d 01       		.byte	1
 651 026e 57       		.byte	87
 652 026f 10       		.byte	16
 653 0270 92       		.byte	-110
 654 0271 01       		.byte	1
 655 0272 96       		.byte	-106
 656 0273 40       		.byte	64
 657 0274 97       		.byte	-105
 658 0275 80       		.byte	-128
 659 0276 9B       		.byte	-101
 660 0277 04       		.byte	4
 661 0278 9E       		.byte	-98
 662 0279 01       		.byte	1
 663 027a 9F       		.byte	-97
 664 027b 40       		.byte	64
 665 027c A0       		.byte	-96
 666 027d 20       		.byte	32
 667 027e A1       		.byte	-95
 668 027f 08       		.byte	8
 669 0280 A7       		.byte	-89
 670 0281 10       		.byte	16
 671 0282 C0       		.byte	-64
 672 0283 19       		.byte	25
 673 0284 C2       		.byte	-62
 674 0285 B9       		.byte	-71
 675 0286 C4       		.byte	-60
 676 0287 3E       		.byte	62
 677 0288 CA       		.byte	-54
 678 0289 90       		.byte	-112
 679 028a CC       		.byte	-52
 680 028b 50       		.byte	80
 681 028c CE       		.byte	-50
 682 028d A8       		.byte	-88
 683 028e D0       		.byte	-48
 684 028f 40       		.byte	64
ARM GAS  C:\Users\yamen\AppData\Local\Temp\ccP7Xh6g.s 			page 13


 685 0290 E8       		.byte	-24
 686 0291 11       		.byte	17
 687 0292 01       		.byte	1
 688 0293 01       		.byte	1
 689 0294 09       		.byte	9
 690 0295 02       		.byte	2
 691 0296 0D       		.byte	13
 692 0297 01       		.byte	1
 693 0298 10       		.byte	16
 694 0299 03       		.byte	3
 695 029a 16       		.byte	22
 696 029b 01       		.byte	1
 697 029c 1C       		.byte	28
 698 029d 03       		.byte	3
 699 029e 1F       		.byte	31
 700 029f 01       		.byte	1
 701 02a0 2C       		.byte	44
 702 02a1 02       		.byte	2
 703 02a2 32       		.byte	50
 704 02a3 03       		.byte	3
 705 02a4 35       		.byte	53
 706 02a5 03       		.byte	3
 707 02a6 38       		.byte	56
 708 02a7 08       		.byte	8
 709 02a8 39       		.byte	57
 710 02a9 20       		.byte	32
 711 02aa 3E       		.byte	62
 712 02ab 04       		.byte	4
 713 02ac 58       		.byte	88
 714 02ad 04       		.byte	4
 715 02ae 59       		.byte	89
 716 02af 04       		.byte	4
 717 02b0 5C       		.byte	92
 718 02b1 20       		.byte	32
 719 02b2 5F       		.byte	95
 720 02b3 01       		.byte	1
 721 02b4 87       		.byte	-121
 722 02b5 01       		.byte	1
 723 02b6 8A       		.byte	-118
 724 02b7 10       		.byte	16
 725 02b8 8C       		.byte	-116
 726 02b9 14       		.byte	20
 727 02ba 8E       		.byte	-114
 728 02bb 08       		.byte	8
 729 02bc 90       		.byte	-112
 730 02bd 06       		.byte	6
 731 02be 91       		.byte	-111
 732 02bf 01       		.byte	1
 733 02c0 92       		.byte	-110
 734 02c1 08       		.byte	8
 735 02c2 9A       		.byte	-102
 736 02c3 0A       		.byte	10
 737 02c4 9C       		.byte	-100
 738 02c5 01       		.byte	1
 739 02c6 9F       		.byte	-97
 740 02c7 01       		.byte	1
 741 02c8 A0       		.byte	-96
ARM GAS  C:\Users\yamen\AppData\Local\Temp\ccP7Xh6g.s 			page 14


 742 02c9 06       		.byte	6
 743 02ca A2       		.byte	-94
 744 02cb 18       		.byte	24
 745 02cc A7       		.byte	-89
 746 02cd 01       		.byte	1
 747 02ce A8       		.byte	-88
 748 02cf 06       		.byte	6
 749 02d0 AA       		.byte	-86
 750 02d1 08       		.byte	8
 751 02d2 AD       		.byte	-83
 752 02d3 01       		.byte	1
 753 02d4 B4       		.byte	-76
 754 02d5 01       		.byte	1
 755 02d6 B6       		.byte	-74
 756 02d7 1E       		.byte	30
 757 02d8 B7       		.byte	-73
 758 02d9 01       		.byte	1
 759 02da BA       		.byte	-70
 760 02db 80       		.byte	-128
 761 02dc BE       		.byte	-66
 762 02dd 10       		.byte	16
 763 02de BF       		.byte	-65
 764 02df 40       		.byte	64
 765 02e0 C0       		.byte	-64
 766 02e1 53       		.byte	83
 767 02e2 C1       		.byte	-63
 768 02e3 04       		.byte	4
 769 02e4 C5       		.byte	-59
 770 02e5 EB       		.byte	-21
 771 02e6 C7       		.byte	-57
 772 02e7 0C       		.byte	12
 773 02e8 C8       		.byte	-56
 774 02e9 13       		.byte	19
 775 02ea C9       		.byte	-55
 776 02eb FF       		.byte	-1
 777 02ec CA       		.byte	-54
 778 02ed FF       		.byte	-1
 779 02ee CB       		.byte	-53
 780 02ef FF       		.byte	-1
 781 02f0 CE       		.byte	-50
 782 02f1 F0       		.byte	-16
 783 02f2 CF       		.byte	-49
 784 02f3 44       		.byte	68
 785 02f4 D0       		.byte	-48
 786 02f5 0C       		.byte	12
 787 02f6 D4       		.byte	-44
 788 02f7 01       		.byte	1
 789 02f8 D8       		.byte	-40
 790 02f9 04       		.byte	4
 791 02fa D9       		.byte	-39
 792 02fb 04       		.byte	4
 793 02fc DA       		.byte	-38
 794 02fd 04       		.byte	4
 795 02fe DB       		.byte	-37
 796 02ff 04       		.byte	4
 797 0300 DC       		.byte	-36
 798 0301 02       		.byte	2
ARM GAS  C:\Users\yamen\AppData\Local\Temp\ccP7Xh6g.s 			page 15


 799 0302 DD       		.byte	-35
 800 0303 22       		.byte	34
 801 0304 DF       		.byte	-33
 802 0305 01       		.byte	1
 803 0306 E6       		.byte	-26
 804 0307 C0       		.byte	-64
 805 0308 EA       		.byte	-22
 806 0309 40       		.byte	64
 807 030a EB       		.byte	-21
 808 030b 02       		.byte	2
 809 030c 01       		.byte	1
 810 030d 40       		.byte	64
 811 030e 03       		.byte	3
 812 030f 04       		.byte	4
 813 0310 08       		.byte	8
 814 0311 20       		.byte	32
 815 0312 0A       		.byte	10
 816 0313 40       		.byte	64
 817 0314 0B       		.byte	11
 818 0315 01       		.byte	1
 819 0316 0C       		.byte	12
 820 0317 41       		.byte	65
 821 0318 0E       		.byte	14
 822 0319 41       		.byte	65
 823 031a 0F       		.byte	15
 824 031b 20       		.byte	32
 825 031c 10       		.byte	16
 826 031d 48       		.byte	72
 827 031e 13       		.byte	19
 828 031f 20       		.byte	32
 829 0320 15       		.byte	21
 830 0321 40       		.byte	64
 831 0322 17       		.byte	23
 832 0323 40       		.byte	64
 833 0324 19       		.byte	25
 834 0325 40       		.byte	64
 835 0326 1A       		.byte	26
 836 0327 05       		.byte	5
 837 0328 1D       		.byte	29
 838 0329 08       		.byte	8
 839 032a 22       		.byte	34
 840 032b 40       		.byte	64
 841 032c 27       		.byte	39
 842 032d 04       		.byte	4
 843 032e 28       		.byte	40
 844 032f 20       		.byte	32
 845 0330 29       		.byte	41
 846 0331 40       		.byte	64
 847 0332 2B       		.byte	43
 848 0333 10       		.byte	16
 849 0334 30       		.byte	48
 850 0335 01       		.byte	1
 851 0336 33       		.byte	51
 852 0337 40       		.byte	64
 853 0338 37       		.byte	55
 854 0339 40       		.byte	64
 855 033a 38       		.byte	56
ARM GAS  C:\Users\yamen\AppData\Local\Temp\ccP7Xh6g.s 			page 16


 856 033b 08       		.byte	8
 857 033c 3E       		.byte	62
 858 033d 41       		.byte	65
 859 033e 3F       		.byte	63
 860 033f 20       		.byte	32
 861 0340 40       		.byte	64
 862 0341 20       		.byte	32
 863 0342 42       		.byte	66
 864 0343 40       		.byte	64
 865 0344 48       		.byte	72
 866 0345 20       		.byte	32
 867 0346 49       		.byte	73
 868 0347 41       		.byte	65
 869 0348 4B       		.byte	75
 870 0349 01       		.byte	1
 871 034a 50       		.byte	80
 872 034b 0C       		.byte	12
 873 034c 59       		.byte	89
 874 034d 01       		.byte	1
 875 034e 5A       		.byte	90
 876 034f 84       		.byte	-124
 877 0350 5B       		.byte	91
 878 0351 20       		.byte	32
 879 0352 8B       		.byte	-117
 880 0353 40       		.byte	64
 881 0354 8E       		.byte	-114
 882 0355 01       		.byte	1
 883 0356 C0       		.byte	-64
 884 0357 03       		.byte	3
 885 0358 C2       		.byte	-62
 886 0359 BB       		.byte	-69
 887 035a C4       		.byte	-60
 888 035b 8A       		.byte	-118
 889 035c CA       		.byte	-54
 890 035d 0A       		.byte	10
 891 035e CC       		.byte	-52
 892 035f 19       		.byte	25
 893 0360 CE       		.byte	-50
 894 0361 B2       		.byte	-78
 895 0362 D0       		.byte	-48
 896 0363 03       		.byte	3
 897 0364 D2       		.byte	-46
 898 0365 08       		.byte	8
 899 0366 D6       		.byte	-42
 900 0367 0F       		.byte	15
 901 0368 E6       		.byte	-26
 902 0369 C2       		.byte	-62
 903 036a 03       		.byte	3
 904 036b 01       		.byte	1
 905 036c 35       		.byte	53
 906 036d 01       		.byte	1
 907 036e 37       		.byte	55
 908 036f 01       		.byte	1
 909 0370 40       		.byte	64
 910 0371 10       		.byte	16
 911 0372 41       		.byte	65
 912 0373 04       		.byte	4
ARM GAS  C:\Users\yamen\AppData\Local\Temp\ccP7Xh6g.s 			page 17


 913 0374 49       		.byte	73
 914 0375 FF       		.byte	-1
 915 0376 4A       		.byte	74
 916 0377 FF       		.byte	-1
 917 0378 4B       		.byte	75
 918 0379 FF       		.byte	-1
 919 037a 4D       		.byte	77
 920 037b A0       		.byte	-96
 921 037c 4F       		.byte	79
 922 037d 04       		.byte	4
 923 037e 50       		.byte	80
 924 037f 18       		.byte	24
 925 0380 52       		.byte	82
 926 0381 80       		.byte	-128
 927 0382 59       		.byte	89
 928 0383 04       		.byte	4
 929 0384 5A       		.byte	90
 930 0385 04       		.byte	4
 931 0386 5B       		.byte	91
 932 0387 04       		.byte	4
 933 0388 5C       		.byte	92
 934 0389 10       		.byte	16
 935 038a 5D       		.byte	93
 936 038b 11       		.byte	17
 937 038c 5F       		.byte	95
 938 038d 01       		.byte	1
 939 038e 60       		.byte	96
 940 038f 40       		.byte	64
 941 0390 62       		.byte	98
 942 0391 C0       		.byte	-64
 943 0392 64       		.byte	100
 944 0393 40       		.byte	64
 945 0394 65       		.byte	101
 946 0395 40       		.byte	64
 947 0396 66       		.byte	102
 948 0397 C0       		.byte	-64
 949 0398 68       		.byte	104
 950 0399 C0       		.byte	-64
 951 039a 6A       		.byte	106
 952 039b C0       		.byte	-64
 953 039c 6C       		.byte	108
 954 039d C0       		.byte	-64
 955 039e 6E       		.byte	110
 956 039f C0       		.byte	-64
 957 03a0 8F       		.byte	-113
 958 03a1 01       		.byte	1
 959 03a2 94       		.byte	-108
 960 03a3 02       		.byte	2
 961 03a4 9A       		.byte	-102
 962 03a5 03       		.byte	3
 963 03a6 9B       		.byte	-101
 964 03a7 01       		.byte	1
 965 03a8 B0       		.byte	-80
 966 03a9 02       		.byte	2
 967 03aa B2       		.byte	-78
 968 03ab 01       		.byte	1
 969 03ac B5       		.byte	-75
ARM GAS  C:\Users\yamen\AppData\Local\Temp\ccP7Xh6g.s 			page 18


 970 03ad 01       		.byte	1
 971 03ae BF       		.byte	-65
 972 03af 10       		.byte	16
 973 03b0 C0       		.byte	-64
 974 03b1 10       		.byte	16
 975 03b2 C1       		.byte	-63
 976 03b3 05       		.byte	5
 977 03b4 C5       		.byte	-59
 978 03b5 D1       		.byte	-47
 979 03b6 C6       		.byte	-58
 980 03b7 02       		.byte	2
 981 03b8 C8       		.byte	-56
 982 03b9 07       		.byte	7
 983 03ba C9       		.byte	-55
 984 03bb FF       		.byte	-1
 985 03bc CA       		.byte	-54
 986 03bd FF       		.byte	-1
 987 03be CB       		.byte	-53
 988 03bf FF       		.byte	-1
 989 03c0 CD       		.byte	-51
 990 03c1 AF       		.byte	-81
 991 03c2 CE       		.byte	-50
 992 03c3 0F       		.byte	15
 993 03c4 CF       		.byte	-49
 994 03c5 04       		.byte	4
 995 03c6 D0       		.byte	-48
 996 03c7 18       		.byte	24
 997 03c8 D4       		.byte	-44
 998 03c9 05       		.byte	5
 999 03ca D6       		.byte	-42
 1000 03cb 04       		.byte	4
 1001 03cc D8       		.byte	-40
 1002 03cd 04       		.byte	4
 1003 03ce D9       		.byte	-39
 1004 03cf 04       		.byte	4
 1005 03d0 DA       		.byte	-38
 1006 03d1 04       		.byte	4
 1007 03d2 DB       		.byte	-37
 1008 03d3 04       		.byte	4
 1009 03d4 DC       		.byte	-36
 1010 03d5 01       		.byte	1
 1011 03d6 DD       		.byte	-35
 1012 03d7 11       		.byte	17
 1013 03d8 DF       		.byte	-33
 1014 03d9 01       		.byte	1
 1015 03da E0       		.byte	-32
 1016 03db 40       		.byte	64
 1017 03dc E2       		.byte	-30
 1018 03dd C0       		.byte	-64
 1019 03de E4       		.byte	-28
 1020 03df 40       		.byte	64
 1021 03e0 E5       		.byte	-27
 1022 03e1 40       		.byte	64
 1023 03e2 E6       		.byte	-26
 1024 03e3 C0       		.byte	-64
 1025 03e4 E8       		.byte	-24
 1026 03e5 C0       		.byte	-64
ARM GAS  C:\Users\yamen\AppData\Local\Temp\ccP7Xh6g.s 			page 19


 1027 03e6 EA       		.byte	-22
 1028 03e7 C0       		.byte	-64
 1029 03e8 EC       		.byte	-20
 1030 03e9 C0       		.byte	-64
 1031 03ea EE       		.byte	-18
 1032 03eb C0       		.byte	-64
 1033 03ec 0E       		.byte	14
 1034 03ed 10       		.byte	16
 1035 03ee 0F       		.byte	15
 1036 03ef 08       		.byte	8
 1037 03f0 1E       		.byte	30
 1038 03f1 50       		.byte	80
 1039 03f2 20       		.byte	32
 1040 03f3 01       		.byte	1
 1041 03f4 21       		.byte	33
 1042 03f5 80       		.byte	-128
 1043 03f6 22       		.byte	34
 1044 03f7 20       		.byte	32
 1045 03f8 27       		.byte	39
 1046 03f9 08       		.byte	8
 1047 03fa 36       		.byte	54
 1048 03fb 20       		.byte	32
 1049 03fc 38       		.byte	56
 1050 03fd 02       		.byte	2
 1051 03fe 3F       		.byte	63
 1052 03ff 80       		.byte	-128
 1053 0400 40       		.byte	64
 1054 0401 01       		.byte	1
 1055 0402 42       		.byte	66
 1056 0403 80       		.byte	-128
 1057 0404 45       		.byte	69
 1058 0405 80       		.byte	-128
 1059 0406 4F       		.byte	79
 1060 0407 89       		.byte	-119
 1061 0408 56       		.byte	86
 1062 0409 80       		.byte	-128
 1063 040a 57       		.byte	87
 1064 040b 40       		.byte	64
 1065 040c 5E       		.byte	94
 1066 040d 40       		.byte	64
 1067 040e 5F       		.byte	95
 1068 040f 09       		.byte	9
 1069 0410 67       		.byte	103
 1070 0411 80       		.byte	-128
 1071 0412 70       		.byte	112
 1072 0413 01       		.byte	1
 1073 0414 87       		.byte	-121
 1074 0415 40       		.byte	64
 1075 0416 C2       		.byte	-62
 1076 0417 60       		.byte	96
 1077 0418 CC       		.byte	-52
 1078 0419 20       		.byte	32
 1079 041a CE       		.byte	-50
 1080 041b 11       		.byte	17
 1081 041c D0       		.byte	-48
 1082 041d 19       		.byte	25
 1083 041e D2       		.byte	-46
ARM GAS  C:\Users\yamen\AppData\Local\Temp\ccP7Xh6g.s 			page 20


 1084 041f 10       		.byte	16
 1085 0420 D6       		.byte	-42
 1086 0421 D0       		.byte	-48
 1087 0422 D8       		.byte	-40
 1088 0423 80       		.byte	-128
 1089 0424 E6       		.byte	-26
 1090 0425 02       		.byte	2
 1091 0426 EA       		.byte	-22
 1092 0427 01       		.byte	1
 1093 0428 EC       		.byte	-20
 1094 0429 10       		.byte	16
 1095 042a EE       		.byte	-18
 1096 042b 10       		.byte	16
 1097 042c 40       		.byte	64
 1098 042d 12       		.byte	18
 1099 042e 49       		.byte	73
 1100 042f FF       		.byte	-1
 1101 0430 4A       		.byte	74
 1102 0431 FF       		.byte	-1
 1103 0432 4B       		.byte	75
 1104 0433 FF       		.byte	-1
 1105 0434 4F       		.byte	79
 1106 0435 01       		.byte	1
 1107 0436 50       		.byte	80
 1108 0437 18       		.byte	24
 1109 0438 5A       		.byte	90
 1110 0439 04       		.byte	4
 1111 043a 5D       		.byte	93
 1112 043b 04       		.byte	4
 1113 043c 5F       		.byte	95
 1114 043d 01       		.byte	1
 1115 043e 60       		.byte	96
 1116 043f 40       		.byte	64
 1117 0440 62       		.byte	98
 1118 0441 40       		.byte	64
 1119 0442 64       		.byte	100
 1120 0443 40       		.byte	64
 1121 0444 65       		.byte	101
 1122 0445 40       		.byte	64
 1123 0446 66       		.byte	102
 1124 0447 80       		.byte	-128
 1125 0448 68       		.byte	104
 1126 0449 80       		.byte	-128
 1127 044a 6A       		.byte	106
 1128 044b 80       		.byte	-128
 1129 044c 6C       		.byte	108
 1130 044d 80       		.byte	-128
 1131 044e 6E       		.byte	110
 1132 044f 80       		.byte	-128
 1133 0450 80       		.byte	-128
 1134 0451 24       		.byte	36
 1135 0452 81       		.byte	-127
 1136 0453 0E       		.byte	14
 1137 0454 82       		.byte	-126
 1138 0455 80       		.byte	-128
 1139 0456 84       		.byte	-124
 1140 0457 60       		.byte	96
ARM GAS  C:\Users\yamen\AppData\Local\Temp\ccP7Xh6g.s 			page 21


 1141 0458 85       		.byte	-123
 1142 0459 01       		.byte	1
 1143 045a 89       		.byte	-119
 1144 045b 01       		.byte	1
 1145 045c 8A       		.byte	-118
 1146 045d 04       		.byte	4
 1147 045e 8C       		.byte	-116
 1148 045f 40       		.byte	64
 1149 0460 8D       		.byte	-115
 1150 0461 01       		.byte	1
 1151 0462 90       		.byte	-112
 1152 0463 7F       		.byte	127
 1153 0464 94       		.byte	-108
 1154 0465 1C       		.byte	28
 1155 0466 95       		.byte	-107
 1156 0467 0C       		.byte	12
 1157 0468 96       		.byte	-106
 1158 0469 61       		.byte	97
 1159 046a 97       		.byte	-105
 1160 046b 02       		.byte	2
 1161 046c 9A       		.byte	-102
 1162 046d 63       		.byte	99
 1163 046e 9B       		.byte	-101
 1164 046f 02       		.byte	2
 1165 0470 9C       		.byte	-100
 1166 0471 67       		.byte	103
 1167 0472 9D       		.byte	-99
 1168 0473 08       		.byte	8
 1169 0474 9E       		.byte	-98
 1170 0475 18       		.byte	24
 1171 0476 A0       		.byte	-96
 1172 0477 10       		.byte	16
 1173 0478 A1       		.byte	-95
 1174 0479 02       		.byte	2
 1175 047a A3       		.byte	-93
 1176 047b 0C       		.byte	12
 1177 047c A4       		.byte	-92
 1178 047d 08       		.byte	8
 1179 047e A5       		.byte	-91
 1180 047f 04       		.byte	4
 1181 0480 A8       		.byte	-88
 1182 0481 18       		.byte	24
 1183 0482 A9       		.byte	-87
 1184 0483 0C       		.byte	12
 1185 0484 AC       		.byte	-84
 1186 0485 1C       		.byte	28
 1187 0486 AD       		.byte	-83
 1188 0487 0E       		.byte	14
 1189 0488 AE       		.byte	-82
 1190 0489 62       		.byte	98
 1191 048a B0       		.byte	-80
 1192 048b 60       		.byte	96
 1193 048c B2       		.byte	-78
 1194 048d 80       		.byte	-128
 1195 048e B3       		.byte	-77
 1196 048f 0E       		.byte	14
 1197 0490 B5       		.byte	-75
ARM GAS  C:\Users\yamen\AppData\Local\Temp\ccP7Xh6g.s 			page 22


 1198 0491 01       		.byte	1
 1199 0492 B6       		.byte	-74
 1200 0493 1F       		.byte	31
 1201 0494 BA       		.byte	-70
 1202 0495 A0       		.byte	-96
 1203 0496 C0       		.byte	-64
 1204 0497 12       		.byte	18
 1205 0498 C9       		.byte	-55
 1206 0499 FF       		.byte	-1
 1207 049a CA       		.byte	-54
 1208 049b FF       		.byte	-1
 1209 049c CB       		.byte	-53
 1210 049d FF       		.byte	-1
 1211 049e CD       		.byte	-51
 1212 049f 83       		.byte	-125
 1213 04a0 CE       		.byte	-50
 1214 04a1 03       		.byte	3
 1215 04a2 CF       		.byte	-49
 1216 04a3 01       		.byte	1
 1217 04a4 D0       		.byte	-48
 1218 04a5 18       		.byte	24
 1219 04a6 D6       		.byte	-42
 1220 04a7 02       		.byte	2
 1221 04a8 D7       		.byte	-41
 1222 04a9 13       		.byte	19
 1223 04aa D8       		.byte	-40
 1224 04ab 04       		.byte	4
 1225 04ac D9       		.byte	-39
 1226 04ad 04       		.byte	4
 1227 04ae DA       		.byte	-38
 1228 04af 04       		.byte	4
 1229 04b0 DB       		.byte	-37
 1230 04b1 04       		.byte	4
 1231 04b2 DC       		.byte	-36
 1232 04b3 22       		.byte	34
 1233 04b4 DD       		.byte	-35
 1234 04b5 24       		.byte	36
 1235 04b6 DF       		.byte	-33
 1236 04b7 01       		.byte	1
 1237 04b8 E0       		.byte	-32
 1238 04b9 40       		.byte	64
 1239 04ba E2       		.byte	-30
 1240 04bb 40       		.byte	64
 1241 04bc E4       		.byte	-28
 1242 04bd 40       		.byte	64
 1243 04be E5       		.byte	-27
 1244 04bf 40       		.byte	64
 1245 04c0 E6       		.byte	-26
 1246 04c1 80       		.byte	-128
 1247 04c2 E8       		.byte	-24
 1248 04c3 80       		.byte	-128
 1249 04c4 EA       		.byte	-22
 1250 04c5 80       		.byte	-128
 1251 04c6 EC       		.byte	-20
 1252 04c7 80       		.byte	-128
 1253 04c8 EE       		.byte	-18
 1254 04c9 80       		.byte	-128
ARM GAS  C:\Users\yamen\AppData\Local\Temp\ccP7Xh6g.s 			page 23


 1255 04ca 00       		.byte	0
 1256 04cb 82       		.byte	-126
 1257 04cc 03       		.byte	3
 1258 04cd 28       		.byte	40
 1259 04ce 05       		.byte	5
 1260 04cf 40       		.byte	64
 1261 04d0 06       		.byte	6
 1262 04d1 01       		.byte	1
 1263 04d2 08       		.byte	8
 1264 04d3 40       		.byte	64
 1265 04d4 09       		.byte	9
 1266 04d5 29       		.byte	41
 1267 04d6 10       		.byte	16
 1268 04d7 A8       		.byte	-88
 1269 04d8 12       		.byte	18
 1270 04d9 01       		.byte	1
 1271 04da 19       		.byte	25
 1272 04db 71       		.byte	113
 1273 04dc 1A       		.byte	26
 1274 04dd 01       		.byte	1
 1275 04de 1B       		.byte	27
 1276 04df 08       		.byte	8
 1277 04e0 21       		.byte	33
 1278 04e1 30       		.byte	48
 1279 04e2 23       		.byte	35
 1280 04e3 14       		.byte	20
 1281 04e4 28       		.byte	40
 1282 04e5 40       		.byte	64
 1283 04e6 29       		.byte	41
 1284 04e7 42       		.byte	66
 1285 04e8 2A       		.byte	42
 1286 04e9 28       		.byte	40
 1287 04ea 30       		.byte	48
 1288 04eb 80       		.byte	-128
 1289 04ec 31       		.byte	49
 1290 04ed 28       		.byte	40
 1291 04ee 39       		.byte	57
 1292 04ef 56       		.byte	86
 1293 04f0 40       		.byte	64
 1294 04f1 08       		.byte	8
 1295 04f2 43       		.byte	67
 1296 04f3 40       		.byte	64
 1297 04f4 44       		.byte	68
 1298 04f5 08       		.byte	8
 1299 04f6 46       		.byte	70
 1300 04f7 04       		.byte	4
 1301 04f8 47       		.byte	71
 1302 04f9 40       		.byte	64
 1303 04fa 5A       		.byte	90
 1304 04fb 02       		.byte	2
 1305 04fc 69       		.byte	105
 1306 04fd 5C       		.byte	92
 1307 04fe 70       		.byte	112
 1308 04ff A8       		.byte	-88
 1309 0500 71       		.byte	113
 1310 0501 04       		.byte	4
 1311 0502 72       		.byte	114
ARM GAS  C:\Users\yamen\AppData\Local\Temp\ccP7Xh6g.s 			page 24


 1312 0503 28       		.byte	40
 1313 0504 92       		.byte	-110
 1314 0505 02       		.byte	2
 1315 0506 95       		.byte	-107
 1316 0507 34       		.byte	52
 1317 0508 97       		.byte	-105
 1318 0509 10       		.byte	16
 1319 050a 9D       		.byte	-99
 1320 050b 53       		.byte	83
 1321 050c A3       		.byte	-93
 1322 050d 20       		.byte	32
 1323 050e A4       		.byte	-92
 1324 050f 41       		.byte	65
 1325 0510 A5       		.byte	-91
 1326 0511 08       		.byte	8
 1327 0512 C0       		.byte	-64
 1328 0513 0F       		.byte	15
 1329 0514 C2       		.byte	-62
 1330 0515 0F       		.byte	15
 1331 0516 C4       		.byte	-60
 1332 0517 0F       		.byte	15
 1333 0518 CA       		.byte	-54
 1334 0519 0F       		.byte	15
 1335 051a CC       		.byte	-52
 1336 051b 0E       		.byte	14
 1337 051c CE       		.byte	-50
 1338 051d 0F       		.byte	15
 1339 051e D0       		.byte	-48
 1340 051f 3C       		.byte	60
 1341 0520 D6       		.byte	-42
 1342 0521 01       		.byte	1
 1343 0522 EE       		.byte	-18
 1344 0523 10       		.byte	16
 1345 0524 00       		.byte	0
 1346 0525 01       		.byte	1
 1347 0526 03       		.byte	3
 1348 0527 04       		.byte	4
 1349 0528 04       		.byte	4
 1350 0529 03       		.byte	3
 1351 052a 05       		.byte	5
 1352 052b 03       		.byte	3
 1353 052c 08       		.byte	8
 1354 052d 0F       		.byte	15
 1355 052e 09       		.byte	9
 1356 052f 03       		.byte	3
 1357 0530 0C       		.byte	12
 1358 0531 03       		.byte	3
 1359 0532 0D       		.byte	13
 1360 0533 10       		.byte	16
 1361 0534 0E       		.byte	14
 1362 0535 0C       		.byte	12
 1363 0536 11       		.byte	17
 1364 0537 02       		.byte	2
 1365 0538 13       		.byte	19
 1366 0539 01       		.byte	1
 1367 053a 14       		.byte	20
 1368 053b 0F       		.byte	15
ARM GAS  C:\Users\yamen\AppData\Local\Temp\ccP7Xh6g.s 			page 25


 1369 053c 15       		.byte	21
 1370 053d 18       		.byte	24
 1371 053e 17       		.byte	23
 1372 053f 04       		.byte	4
 1373 0540 19       		.byte	25
 1374 0541 08       		.byte	8
 1375 0542 1A       		.byte	26
 1376 0543 03       		.byte	3
 1377 0544 1C       		.byte	28
 1378 0545 0C       		.byte	12
 1379 0546 1D       		.byte	29
 1380 0547 18       		.byte	24
 1381 0548 1E       		.byte	30
 1382 0549 03       		.byte	3
 1383 054a 1F       		.byte	31
 1384 054b 04       		.byte	4
 1385 054c 20       		.byte	32
 1386 054d 08       		.byte	8
 1387 054e 21       		.byte	33
 1388 054f 01       		.byte	1
 1389 0550 23       		.byte	35
 1390 0551 02       		.byte	2
 1391 0552 24       		.byte	36
 1392 0553 04       		.byte	4
 1393 0554 25       		.byte	37
 1394 0555 18       		.byte	24
 1395 0556 28       		.byte	40
 1396 0557 0C       		.byte	12
 1397 0558 29       		.byte	41
 1398 0559 1C       		.byte	28
 1399 055a 2C       		.byte	44
 1400 055b 02       		.byte	2
 1401 055c 2D       		.byte	45
 1402 055d 04       		.byte	4
 1403 055e 2F       		.byte	47
 1404 055f 18       		.byte	24
 1405 0560 30       		.byte	48
 1406 0561 0F       		.byte	15
 1407 0562 31       		.byte	49
 1408 0563 03       		.byte	3
 1409 0564 33       		.byte	51
 1410 0565 1C       		.byte	28
 1411 0566 3A       		.byte	58
 1412 0567 02       		.byte	2
 1413 0568 3B       		.byte	59
 1414 0569 08       		.byte	8
 1415 056a 40       		.byte	64
 1416 056b 13       		.byte	19
 1417 056c 49       		.byte	73
 1418 056d FF       		.byte	-1
 1419 056e 4A       		.byte	74
 1420 056f FF       		.byte	-1
 1421 0570 4B       		.byte	75
 1422 0571 FF       		.byte	-1
 1423 0572 4D       		.byte	77
 1424 0573 83       		.byte	-125
 1425 0574 4E       		.byte	78
ARM GAS  C:\Users\yamen\AppData\Local\Temp\ccP7Xh6g.s 			page 26


 1426 0575 03       		.byte	3
 1427 0576 4F       		.byte	79
 1428 0577 01       		.byte	1
 1429 0578 50       		.byte	80
 1430 0579 18       		.byte	24
 1431 057a 58       		.byte	88
 1432 057b 04       		.byte	4
 1433 057c 59       		.byte	89
 1434 057d 04       		.byte	4
 1435 057e 5A       		.byte	90
 1436 057f 04       		.byte	4
 1437 0580 5C       		.byte	92
 1438 0581 22       		.byte	34
 1439 0582 5D       		.byte	93
 1440 0583 04       		.byte	4
 1441 0584 5F       		.byte	95
 1442 0585 01       		.byte	1
 1443 0586 60       		.byte	96
 1444 0587 40       		.byte	64
 1445 0588 62       		.byte	98
 1446 0589 40       		.byte	64
 1447 058a 64       		.byte	100
 1448 058b 40       		.byte	64
 1449 058c 65       		.byte	101
 1450 058d 40       		.byte	64
 1451 058e 66       		.byte	102
 1452 058f 80       		.byte	-128
 1453 0590 68       		.byte	104
 1454 0591 80       		.byte	-128
 1455 0592 6A       		.byte	106
 1456 0593 80       		.byte	-128
 1457 0594 6C       		.byte	108
 1458 0595 80       		.byte	-128
 1459 0596 6E       		.byte	110
 1460 0597 80       		.byte	-128
 1461 0598 8A       		.byte	-118
 1462 0599 01       		.byte	1
 1463 059a AE       		.byte	-82
 1464 059b 01       		.byte	1
 1465 059c B0       		.byte	-80
 1466 059d 01       		.byte	1
 1467 059e BE       		.byte	-66
 1468 059f 01       		.byte	1
 1469 05a0 C0       		.byte	-64
 1470 05a1 12       		.byte	18
 1471 05a2 C5       		.byte	-59
 1472 05a3 EC       		.byte	-20
 1473 05a4 C7       		.byte	-57
 1474 05a5 02       		.byte	2
 1475 05a6 C8       		.byte	-56
 1476 05a7 13       		.byte	19
 1477 05a8 C9       		.byte	-55
 1478 05a9 FF       		.byte	-1
 1479 05aa CA       		.byte	-54
 1480 05ab FF       		.byte	-1
 1481 05ac CB       		.byte	-53
 1482 05ad FF       		.byte	-1
ARM GAS  C:\Users\yamen\AppData\Local\Temp\ccP7Xh6g.s 			page 27


 1483 05ae CD       		.byte	-51
 1484 05af 83       		.byte	-125
 1485 05b0 CE       		.byte	-50
 1486 05b1 03       		.byte	3
 1487 05b2 CF       		.byte	-49
 1488 05b3 01       		.byte	1
 1489 05b4 D0       		.byte	-48
 1490 05b5 18       		.byte	24
 1491 05b6 D2       		.byte	-46
 1492 05b7 80       		.byte	-128
 1493 05b8 D4       		.byte	-44
 1494 05b9 01       		.byte	1
 1495 05ba D6       		.byte	-42
 1496 05bb 04       		.byte	4
 1497 05bc D8       		.byte	-40
 1498 05bd 04       		.byte	4
 1499 05be DA       		.byte	-38
 1500 05bf 04       		.byte	4
 1501 05c0 DB       		.byte	-37
 1502 05c1 04       		.byte	4
 1503 05c2 DD       		.byte	-35
 1504 05c3 44       		.byte	68
 1505 05c4 DF       		.byte	-33
 1506 05c5 01       		.byte	1
 1507 05c6 E0       		.byte	-32
 1508 05c7 40       		.byte	64
 1509 05c8 E2       		.byte	-30
 1510 05c9 40       		.byte	64
 1511 05ca E4       		.byte	-28
 1512 05cb 40       		.byte	64
 1513 05cc E5       		.byte	-27
 1514 05cd 40       		.byte	64
 1515 05ce E6       		.byte	-26
 1516 05cf 80       		.byte	-128
 1517 05d0 E8       		.byte	-24
 1518 05d1 80       		.byte	-128
 1519 05d2 EA       		.byte	-22
 1520 05d3 80       		.byte	-128
 1521 05d4 EC       		.byte	-20
 1522 05d5 80       		.byte	-128
 1523 05d6 EE       		.byte	-18
 1524 05d7 80       		.byte	-128
 1525 05d8 00       		.byte	0
 1526 05d9 42       		.byte	66
 1527 05da 01       		.byte	1
 1528 05db 20       		.byte	32
 1529 05dc 03       		.byte	3
 1530 05dd 20       		.byte	32
 1531 05de 06       		.byte	6
 1532 05df 04       		.byte	4
 1533 05e0 08       		.byte	8
 1534 05e1 20       		.byte	32
 1535 05e2 09       		.byte	9
 1536 05e3 08       		.byte	8
 1537 05e4 0A       		.byte	10
 1538 05e5 01       		.byte	1
 1539 05e6 0B       		.byte	11
ARM GAS  C:\Users\yamen\AppData\Local\Temp\ccP7Xh6g.s 			page 28


 1540 05e7 04       		.byte	4
 1541 05e8 10       		.byte	16
 1542 05e9 A8       		.byte	-88
 1543 05ea 12       		.byte	18
 1544 05eb 42       		.byte	66
 1545 05ec 17       		.byte	23
 1546 05ed 40       		.byte	64
 1547 05ee 18       		.byte	24
 1548 05ef 40       		.byte	64
 1549 05f0 19       		.byte	25
 1550 05f1 02       		.byte	2
 1551 05f2 1B       		.byte	27
 1552 05f3 01       		.byte	1
 1553 05f4 1E       		.byte	30
 1554 05f5 80       		.byte	-128
 1555 05f6 20       		.byte	32
 1556 05f7 80       		.byte	-128
 1557 05f8 21       		.byte	33
 1558 05f9 08       		.byte	8
 1559 05fa 22       		.byte	34
 1560 05fb 03       		.byte	3
 1561 05fc 29       		.byte	41
 1562 05fd 24       		.byte	36
 1563 05fe 2B       		.byte	43
 1564 05ff 81       		.byte	-127
 1565 0600 30       		.byte	48
 1566 0601 20       		.byte	32
 1567 0602 31       		.byte	49
 1568 0603 48       		.byte	72
 1569 0604 32       		.byte	50
 1570 0605 01       		.byte	1
 1571 0606 38       		.byte	56
 1572 0607 02       		.byte	2
 1573 0608 39       		.byte	57
 1574 0609 18       		.byte	24
 1575 060a 3A       		.byte	58
 1576 060b 40       		.byte	64
 1577 060c 43       		.byte	67
 1578 060d 48       		.byte	72
 1579 060e 46       		.byte	70
 1580 060f 04       		.byte	4
 1581 0610 47       		.byte	71
 1582 0611 40       		.byte	64
 1583 0612 4D       		.byte	77
 1584 0613 08       		.byte	8
 1585 0614 4F       		.byte	79
 1586 0615 01       		.byte	1
 1587 0616 56       		.byte	86
 1588 0617 04       		.byte	4
 1589 0618 57       		.byte	87
 1590 0619 08       		.byte	8
 1591 061a 5D       		.byte	93
 1592 061b 08       		.byte	8
 1593 061c 5E       		.byte	94
 1594 061d 80       		.byte	-128
 1595 061e 5F       		.byte	95
 1596 061f 01       		.byte	1
ARM GAS  C:\Users\yamen\AppData\Local\Temp\ccP7Xh6g.s 			page 29


 1597 0620 67       		.byte	103
 1598 0621 40       		.byte	64
 1599 0622 77       		.byte	119
 1600 0623 40       		.byte	64
 1601 0624 87       		.byte	-121
 1602 0625 40       		.byte	64
 1603 0626 88       		.byte	-120
 1604 0627 01       		.byte	1
 1605 0628 8B       		.byte	-117
 1606 0629 80       		.byte	-128
 1607 062a 8C       		.byte	-116
 1608 062b 21       		.byte	33
 1609 062c 91       		.byte	-111
 1610 062d 18       		.byte	24
 1611 062e 92       		.byte	-110
 1612 062f 01       		.byte	1
 1613 0630 93       		.byte	-109
 1614 0631 04       		.byte	4
 1615 0632 99       		.byte	-103
 1616 0633 64       		.byte	100
 1617 0634 9D       		.byte	-99
 1618 0635 02       		.byte	2
 1619 0636 9E       		.byte	-98
 1620 0637 04       		.byte	4
 1621 0638 9F       		.byte	-97
 1622 0639 40       		.byte	64
 1623 063a A0       		.byte	-96
 1624 063b A8       		.byte	-88
 1625 063c A3       		.byte	-93
 1626 063d 20       		.byte	32
 1627 063e A4       		.byte	-92
 1628 063f 41       		.byte	65
 1629 0640 A5       		.byte	-91
 1630 0641 08       		.byte	8
 1631 0642 B1       		.byte	-79
 1632 0643 21       		.byte	33
 1633 0644 B5       		.byte	-75
 1634 0645 21       		.byte	33
 1635 0646 C0       		.byte	-64
 1636 0647 4F       		.byte	79
 1637 0648 C2       		.byte	-62
 1638 0649 07       		.byte	7
 1639 064a C4       		.byte	-60
 1640 064b 8F       		.byte	-113
 1641 064c CA       		.byte	-54
 1642 064d 0F       		.byte	15
 1643 064e CC       		.byte	-52
 1644 064f 0F       		.byte	15
 1645 0650 CE       		.byte	-50
 1646 0651 0F       		.byte	15
 1647 0652 D0       		.byte	-48
 1648 0653 3A       		.byte	58
 1649 0654 D6       		.byte	-42
 1650 0655 D0       		.byte	-48
 1651 0656 D8       		.byte	-40
 1652 0657 80       		.byte	-128
 1653 0658 EA       		.byte	-22
ARM GAS  C:\Users\yamen\AppData\Local\Temp\ccP7Xh6g.s 			page 30


 1654 0659 01       		.byte	1
 1655 065a EC       		.byte	-20
 1656 065b 10       		.byte	16
 1657 065c 32       		.byte	50
 1658 065d 20       		.byte	32
 1659 065e 33       		.byte	51
 1660 065f 02       		.byte	2
 1661 0660 37       		.byte	55
 1662 0661 88       		.byte	-120
 1663 0662 38       		.byte	56
 1664 0663 20       		.byte	32
 1665 0664 CC       		.byte	-52
 1666 0665 F0       		.byte	-16
 1667 0666 CE       		.byte	-50
 1668 0667 10       		.byte	16
 1669 0668 09       		.byte	9
 1670 0669 80       		.byte	-128
 1671 066a 0F       		.byte	15
 1672 066b 01       		.byte	1
 1673 066c 60       		.byte	96
 1674 066d 01       		.byte	1
 1675 066e 63       		.byte	99
 1676 066f 40       		.byte	64
 1677 0670 87       		.byte	-121
 1678 0671 40       		.byte	64
 1679 0672 8B       		.byte	-117
 1680 0673 08       		.byte	8
 1681 0674 8C       		.byte	-116
 1682 0675 10       		.byte	16
 1683 0676 94       		.byte	-108
 1684 0677 20       		.byte	32
 1685 0678 9F       		.byte	-97
 1686 0679 88       		.byte	-120
 1687 067a A6       		.byte	-90
 1688 067b 20       		.byte	32
 1689 067c A7       		.byte	-89
 1690 067d 02       		.byte	2
 1691 067e C2       		.byte	-62
 1692 067f C0       		.byte	-64
 1693 0680 D6       		.byte	-42
 1694 0681 40       		.byte	64
 1695 0682 D8       		.byte	-40
 1696 0683 40       		.byte	64
 1697 0684 E6       		.byte	-26
 1698 0685 40       		.byte	64
 1699 0686 3E       		.byte	62
 1700 0687 10       		.byte	16
 1701 0688 94       		.byte	-108
 1702 0689 01       		.byte	1
 1703 068a 9F       		.byte	-97
 1704 068b 80       		.byte	-128
 1705 068c A6       		.byte	-90
 1706 068d 20       		.byte	32
 1707 068e A7       		.byte	-89
 1708 068f 02       		.byte	2
 1709 0690 AB       		.byte	-85
 1710 0691 01       		.byte	1
ARM GAS  C:\Users\yamen\AppData\Local\Temp\ccP7Xh6g.s 			page 31


 1711 0692 B5       		.byte	-75
 1712 0693 80       		.byte	-128
 1713 0694 CE       		.byte	-50
 1714 0695 20       		.byte	32
 1715 0696 E8       		.byte	-24
 1716 0697 80       		.byte	-128
 1717 0698 13       		.byte	19
 1718 0699 80       		.byte	-128
 1719 069a 94       		.byte	-108
 1720 069b 01       		.byte	1
 1721 069c 96       		.byte	-106
 1722 069d 10       		.byte	16
 1723 069e 9F       		.byte	-97
 1724 069f 80       		.byte	-128
 1725 06a0 A6       		.byte	-90
 1726 06a1 20       		.byte	32
 1727 06a2 A7       		.byte	-89
 1728 06a3 02       		.byte	2
 1729 06a4 C4       		.byte	-60
 1730 06a5 40       		.byte	64
 1731 06a6 78       		.byte	120
 1732 06a7 40       		.byte	64
 1733 06a8 7C       		.byte	124
 1734 06a9 04       		.byte	4
 1735 06aa DC       		.byte	-36
 1736 06ab 01       		.byte	1
 1737 06ac DE       		.byte	-34
 1738 06ad 01       		.byte	1
 1739 06ae 87       		.byte	-121
 1740 06af 02       		.byte	2
 1741 06b0 94       		.byte	-108
 1742 06b1 04       		.byte	4
 1743 06b2 9C       		.byte	-100
 1744 06b3 40       		.byte	64
 1745 06b4 45       		.byte	69
 1746 06b5 08       		.byte	8
 1747 06b6 90       		.byte	-112
 1748 06b7 01       		.byte	1
 1749 06b8 94       		.byte	-108
 1750 06b9 04       		.byte	4
 1751 06ba 9C       		.byte	-100
 1752 06bb 40       		.byte	64
 1753 06bc 9F       		.byte	-97
 1754 06bd 02       		.byte	2
 1755 06be A3       		.byte	-93
 1756 06bf 10       		.byte	16
 1757 06c0 A8       		.byte	-88
 1758 06c1 01       		.byte	1
 1759 06c2 B7       		.byte	-73
 1760 06c3 10       		.byte	16
 1761 06c4 D0       		.byte	-48
 1762 06c5 01       		.byte	1
 1763 06c6 E8       		.byte	-24
 1764 06c7 08       		.byte	8
 1765 06c8 90       		.byte	-112
 1766 06c9 01       		.byte	1
 1767 06ca 9F       		.byte	-97
ARM GAS  C:\Users\yamen\AppData\Local\Temp\ccP7Xh6g.s 			page 32


 1768 06cb 02       		.byte	2
 1769 06cc A3       		.byte	-93
 1770 06cd 10       		.byte	16
 1771 06ce A5       		.byte	-91
 1772 06cf 08       		.byte	8
 1773 06d0 B0       		.byte	-80
 1774 06d1 40       		.byte	64
 1775 06d2 B4       		.byte	-76
 1776 06d3 04       		.byte	4
 1777 06d4 E8       		.byte	-24
 1778 06d5 01       		.byte	1
 1779 06d6 EC       		.byte	-20
 1780 06d7 02       		.byte	2
 1781 06d8 25       		.byte	37
 1782 06d9 10       		.byte	16
 1783 06da 96       		.byte	-106
 1784 06db 10       		.byte	16
 1785 06dc A6       		.byte	-90
 1786 06dd 20       		.byte	32
 1787 06de A7       		.byte	-89
 1788 06df 02       		.byte	2
 1789 06e0 B4       		.byte	-76
 1790 06e1 01       		.byte	1
 1791 06e2 C8       		.byte	-56
 1792 06e3 20       		.byte	32
 1793 06e4 86       		.byte	-122
 1794 06e5 20       		.byte	32
 1795 06e6 87       		.byte	-121
 1796 06e7 02       		.byte	2
 1797 06e8 A6       		.byte	-90
 1798 06e9 20       		.byte	32
 1799 06ea A7       		.byte	-89
 1800 06eb 02       		.byte	2
 1801 06ec AA       		.byte	-86
 1802 06ed 10       		.byte	16
 1803 06ee B5       		.byte	-75
 1804 06ef 10       		.byte	16
 1805 06f0 E2       		.byte	-30
 1806 06f1 10       		.byte	16
 1807 06f2 E6       		.byte	-26
 1808 06f3 40       		.byte	64
 1809 06f4 EA       		.byte	-22
 1810 06f5 80       		.byte	-128
 1811 06f6 13       		.byte	19
 1812 06f7 22       		.byte	34
 1813 06f8 16       		.byte	22
 1814 06f9 80       		.byte	-128
 1815 06fa 7B       		.byte	123
 1816 06fb 10       		.byte	16
 1817 06fc 7C       		.byte	124
 1818 06fd 01       		.byte	1
 1819 06fe 90       		.byte	-112
 1820 06ff 01       		.byte	1
 1821 0700 9E       		.byte	-98
 1822 0701 80       		.byte	-128
 1823 0702 9F       		.byte	-97
 1824 0703 02       		.byte	2
ARM GAS  C:\Users\yamen\AppData\Local\Temp\ccP7Xh6g.s 			page 33


 1825 0704 A3       		.byte	-93
 1826 0705 10       		.byte	16
 1827 0706 A5       		.byte	-91
 1828 0707 08       		.byte	8
 1829 0708 B6       		.byte	-74
 1830 0709 80       		.byte	-128
 1831 070a C4       		.byte	-60
 1832 070b 0E       		.byte	14
 1833 070c DE       		.byte	-34
 1834 070d 03       		.byte	3
 1835 070e EE       		.byte	-18
 1836 070f 08       		.byte	8
 1837 0710 10       		.byte	16
 1838 0711 40       		.byte	64
 1839 0712 88       		.byte	-120
 1840 0713 40       		.byte	64
 1841 0714 AB       		.byte	-85
 1842 0715 20       		.byte	32
 1843 0716 B5       		.byte	-75
 1844 0717 08       		.byte	8
 1845 0718 C4       		.byte	-60
 1846 0719 08       		.byte	8
 1847 071a E2       		.byte	-30
 1848 071b 01       		.byte	1
 1849 071c EC       		.byte	-20
 1850 071d 08       		.byte	8
 1851 071e 00       		.byte	0
 1852 071f 0C       		.byte	12
 1853 0720 0C       		.byte	12
 1854 0721 0C       		.byte	12
 1855 0722 0E       		.byte	14
 1856 0723 04       		.byte	4
 1857 0724 10       		.byte	16
 1858 0725 16       		.byte	22
 1859 0726 1A       		.byte	26
 1860 0727 02       		.byte	2
 1861 0728 1C       		.byte	28
 1862 0729 14       		.byte	20
 1863 072a 00       		.byte	0
 1864 072b FB       		.byte	-5
 1865 072c 01       		.byte	1
 1866 072d 03       		.byte	3
 1867 072e 03       		.byte	3
 1868 072f C0       		.byte	-64
 1869 0730 C0       		.byte	-64
 1870 0731 00       		.byte	0
 1871 0732 00       		.byte	0
 1872 0733 00       		.byte	0
 1873 0734 C0       		.byte	-64
 1874 0735 00       		.byte	0
 1875 0736 C0       		.byte	-64
 1876 0737 00       		.byte	0
 1877 0738 01       		.byte	1
 1878 0739 00       		.byte	0
 1879 073a 00       		.byte	0
 1880 073b 00       		.byte	0
 1881 073c 80       		.byte	-128
ARM GAS  C:\Users\yamen\AppData\Local\Temp\ccP7Xh6g.s 			page 34


 1882 073d 00       		.byte	0
 1883 073e 40       		.byte	64
 1884 073f 80       		.byte	-128
 1885 0740 80       		.byte	-128
 1886 0741 00       		.byte	0
 1887 0742 80       		.byte	-128
 1888 0743 00       		.byte	0
 1889 0744 00       		.byte	0
 1890 0745 00       		.byte	0
 1891 0746 00       		.byte	0
 1892 0747 00       		.byte	0
 1893 0748 00       		.byte	0
 1894 0749 0B       		.byte	11
 1895 074a 0B       		.byte	11
 1896 074b 00       		.byte	0
 1897 074c 00       		.byte	0
 1898 074d 00       		.byte	0
 1899 074e 00       		.byte	0
 1900 074f 00       		.byte	0
 1901 0750 00       		.byte	0
 1902 0751 02       		.byte	2
 1903 0752 02       		.byte	2
 1904 0753 00       		.byte	0
 1905 0754 00       		.byte	0
 1906 0755 00       		.byte	0
 1907 0756 00       		.byte	0
 1908 0757 00       		.byte	0
 1909 0758 67       		.byte	103
 1910 0759 00       		.byte	0
 1911 075a 18       		.byte	24
 1912 075b 01       		.byte	1
 1913              		.section	.cywolatch,"a",%progbits
 1914              		.align	2
 1915              		.type	cy_meta_wonvl, %object
 1916              		.size	cy_meta_wonvl, 4
 1917              	cy_meta_wonvl:
 1918 0000 BC       		.byte	-68
 1919 0001 90       		.byte	-112
 1920 0002 AC       		.byte	-84
 1921 0003 AF       		.byte	-81
 1922              		.section	.cycustnvl,"a",%progbits
 1923              		.align	2
 1924              		.type	cy_meta_custnvl, %object
 1925              		.size	cy_meta_custnvl, 4
 1926              	cy_meta_custnvl:
 1927 0000 00       		.byte	0
 1928 0001 00       		.byte	0
 1929 0002 40       		.byte	64
 1930 0003 05       		.byte	5
 1931              		.section	.cymeta,"a",%progbits
 1932              		.align	2
 1933              		.type	cy_metadata, %object
 1934              		.size	cy_metadata, 12
 1935              	cy_metadata:
 1936 0000 00       		.byte	0
 1937 0001 01       		.byte	1
 1938 0002 2E       		.byte	46
ARM GAS  C:\Users\yamen\AppData\Local\Temp\ccP7Xh6g.s 			page 35


 1939 0003 16       		.byte	22
 1940 0004 10       		.byte	16
 1941 0005 69       		.byte	105
 1942 0006 00       		.byte	0
 1943 0007 01       		.byte	1
 1944 0008 00       		.byte	0
 1945 0009 00       		.byte	0
 1946 000a 00       		.byte	0
 1947 000b 00       		.byte	0
 1948              		.section	.cyflashprotect,"a",%progbits
 1949              		.align	2
 1950              		.type	cy_meta_flashprotect, %object
 1951              		.size	cy_meta_flashprotect, 256
 1952              	cy_meta_flashprotect:
 1953 0000 00000000 		.space	256
 1953      00000000 
 1953      00000000 
 1953      00000000 
 1953      00000000 
 1954              		.text
 1955              	.Letext0:
 1956              		.file 1 "c:\\program files (x86)\\cypress\\psoc creator\\4.2\\psoc creator\\import\\gnu\\arm\\5.4.
 1957              		.file 2 "c:\\program files (x86)\\cypress\\psoc creator\\4.2\\psoc creator\\import\\gnu\\arm\\5.4.
 1958              		.file 3 "Generated_Source\\PSoC5\\cymetadata.c"
 1959              		.section	.debug_info,"",%progbits
 1960              	.Ldebug_info0:
 1961 0000 35010000 		.4byte	0x135
 1962 0004 0400     		.2byte	0x4
 1963 0006 00000000 		.4byte	.Ldebug_abbrev0
 1964 000a 04       		.byte	0x4
 1965 000b 01       		.uleb128 0x1
 1966 000c 24000000 		.4byte	.LASF17
 1967 0010 0C       		.byte	0xc
 1968 0011 D1010000 		.4byte	.LASF18
 1969 0015 7E010000 		.4byte	.LASF19
 1970 0019 00000000 		.4byte	.Ldebug_line0
 1971 001d 02       		.uleb128 0x2
 1972 001e 01       		.byte	0x1
 1973 001f 06       		.byte	0x6
 1974 0020 72010000 		.4byte	.LASF0
 1975 0024 03       		.uleb128 0x3
 1976 0025 00000000 		.4byte	.LASF9
 1977 0029 01       		.byte	0x1
 1978 002a 1D       		.byte	0x1d
 1979 002b 2F000000 		.4byte	0x2f
 1980 002f 02       		.uleb128 0x2
 1981 0030 01       		.byte	0x1
 1982 0031 08       		.byte	0x8
 1983 0032 16000000 		.4byte	.LASF1
 1984 0036 02       		.uleb128 0x2
 1985 0037 02       		.byte	0x2
 1986 0038 05       		.byte	0x5
 1987 0039 5F010000 		.4byte	.LASF2
 1988 003d 02       		.uleb128 0x2
 1989 003e 02       		.byte	0x2
 1990 003f 07       		.byte	0x7
 1991 0040 C4000000 		.4byte	.LASF3
ARM GAS  C:\Users\yamen\AppData\Local\Temp\ccP7Xh6g.s 			page 36


 1992 0044 02       		.uleb128 0x2
 1993 0045 04       		.byte	0x4
 1994 0046 05       		.byte	0x5
 1995 0047 69010000 		.4byte	.LASF4
 1996 004b 02       		.uleb128 0x2
 1997 004c 04       		.byte	0x4
 1998 004d 07       		.byte	0x7
 1999 004e B2000000 		.4byte	.LASF5
 2000 0052 02       		.uleb128 0x2
 2001 0053 08       		.byte	0x8
 2002 0054 05       		.byte	0x5
 2003 0055 51010000 		.4byte	.LASF6
 2004 0059 02       		.uleb128 0x2
 2005 005a 08       		.byte	0x8
 2006 005b 07       		.byte	0x7
 2007 005c 06010000 		.4byte	.LASF7
 2008 0060 04       		.uleb128 0x4
 2009 0061 04       		.byte	0x4
 2010 0062 05       		.byte	0x5
 2011 0063 696E7400 		.ascii	"int\000"
 2012 0067 02       		.uleb128 0x2
 2013 0068 04       		.byte	0x4
 2014 0069 07       		.byte	0x7
 2015 006a F9000000 		.4byte	.LASF8
 2016 006e 03       		.uleb128 0x3
 2017 006f 1D010000 		.4byte	.LASF10
 2018 0073 02       		.byte	0x2
 2019 0074 18       		.byte	0x18
 2020 0075 24000000 		.4byte	0x24
 2021 0079 05       		.uleb128 0x5
 2022 007a 91000000 		.4byte	0x91
 2023 007e 8A000000 		.4byte	0x8a
 2024 0082 06       		.uleb128 0x6
 2025 0083 8A000000 		.4byte	0x8a
 2026 0087 5B07     		.2byte	0x75b
 2027 0089 00       		.byte	0
 2028 008a 02       		.uleb128 0x2
 2029 008b 04       		.byte	0x4
 2030 008c 07       		.byte	0x7
 2031 008d 48010000 		.4byte	.LASF11
 2032 0091 07       		.uleb128 0x7
 2033 0092 6E000000 		.4byte	0x6e
 2034 0096 08       		.uleb128 0x8
 2035 0097 E7000000 		.4byte	.LASF12
 2036 009b 03       		.byte	0x3
 2037 009c 1F       		.byte	0x1f
 2038 009d A7000000 		.4byte	0xa7
 2039 00a1 05       		.uleb128 0x5
 2040 00a2 03       		.byte	0x3
 2041 00a3 00000000 		.4byte	cy_meta_configecc
 2042 00a7 07       		.uleb128 0x7
 2043 00a8 79000000 		.4byte	0x79
 2044 00ac 05       		.uleb128 0x5
 2045 00ad 91000000 		.4byte	0x91
 2046 00b1 BC000000 		.4byte	0xbc
 2047 00b5 09       		.uleb128 0x9
 2048 00b6 8A000000 		.4byte	0x8a
ARM GAS  C:\Users\yamen\AppData\Local\Temp\ccP7Xh6g.s 			page 37


 2049 00ba 03       		.byte	0x3
 2050 00bb 00       		.byte	0
 2051 00bc 0A       		.uleb128 0xa
 2052 00bd D7000000 		.4byte	.LASF13
 2053 00c1 03       		.byte	0x3
 2054 00c2 1801     		.2byte	0x118
 2055 00c4 CE000000 		.4byte	0xce
 2056 00c8 05       		.uleb128 0x5
 2057 00c9 03       		.byte	0x3
 2058 00ca 00000000 		.4byte	cy_meta_custnvl
 2059 00ce 07       		.uleb128 0x7
 2060 00cf AC000000 		.4byte	0xac
 2061 00d3 0A       		.uleb128 0xa
 2062 00d4 3A010000 		.4byte	.LASF14
 2063 00d8 03       		.byte	0x3
 2064 00d9 2601     		.2byte	0x126
 2065 00db E5000000 		.4byte	0xe5
 2066 00df 05       		.uleb128 0x5
 2067 00e0 03       		.byte	0x3
 2068 00e1 00000000 		.4byte	cy_meta_wonvl
 2069 00e5 07       		.uleb128 0x7
 2070 00e6 AC000000 		.4byte	0xac
 2071 00ea 05       		.uleb128 0x5
 2072 00eb 91000000 		.4byte	0x91
 2073 00ef FA000000 		.4byte	0xfa
 2074 00f3 09       		.uleb128 0x9
 2075 00f4 8A000000 		.4byte	0x8a
 2076 00f8 FF       		.byte	0xff
 2077 00f9 00       		.byte	0
 2078 00fa 0A       		.uleb128 0xa
 2079 00fb 25010000 		.4byte	.LASF15
 2080 00ff 03       		.byte	0x3
 2081 0100 3401     		.2byte	0x134
 2082 0102 0C010000 		.4byte	0x10c
 2083 0106 05       		.uleb128 0x5
 2084 0107 03       		.byte	0x3
 2085 0108 00000000 		.4byte	cy_meta_flashprotect
 2086 010c 07       		.uleb128 0x7
 2087 010d EA000000 		.4byte	0xea
 2088 0111 05       		.uleb128 0x5
 2089 0112 91000000 		.4byte	0x91
 2090 0116 21010000 		.4byte	0x121
 2091 011a 09       		.uleb128 0x9
 2092 011b 8A000000 		.4byte	0x8a
 2093 011f 0B       		.byte	0xb
 2094 0120 00       		.byte	0
 2095 0121 0A       		.uleb128 0xa
 2096 0122 0A000000 		.4byte	.LASF16
 2097 0126 03       		.byte	0x3
 2098 0127 6101     		.2byte	0x161
 2099 0129 33010000 		.4byte	0x133
 2100 012d 05       		.uleb128 0x5
 2101 012e 03       		.byte	0x3
 2102 012f 00000000 		.4byte	cy_metadata
 2103 0133 07       		.uleb128 0x7
 2104 0134 11010000 		.4byte	0x111
 2105 0138 00       		.byte	0
ARM GAS  C:\Users\yamen\AppData\Local\Temp\ccP7Xh6g.s 			page 38


 2106              		.section	.debug_abbrev,"",%progbits
 2107              	.Ldebug_abbrev0:
 2108 0000 01       		.uleb128 0x1
 2109 0001 11       		.uleb128 0x11
 2110 0002 01       		.byte	0x1
 2111 0003 25       		.uleb128 0x25
 2112 0004 0E       		.uleb128 0xe
 2113 0005 13       		.uleb128 0x13
 2114 0006 0B       		.uleb128 0xb
 2115 0007 03       		.uleb128 0x3
 2116 0008 0E       		.uleb128 0xe
 2117 0009 1B       		.uleb128 0x1b
 2118 000a 0E       		.uleb128 0xe
 2119 000b 10       		.uleb128 0x10
 2120 000c 17       		.uleb128 0x17
 2121 000d 00       		.byte	0
 2122 000e 00       		.byte	0
 2123 000f 02       		.uleb128 0x2
 2124 0010 24       		.uleb128 0x24
 2125 0011 00       		.byte	0
 2126 0012 0B       		.uleb128 0xb
 2127 0013 0B       		.uleb128 0xb
 2128 0014 3E       		.uleb128 0x3e
 2129 0015 0B       		.uleb128 0xb
 2130 0016 03       		.uleb128 0x3
 2131 0017 0E       		.uleb128 0xe
 2132 0018 00       		.byte	0
 2133 0019 00       		.byte	0
 2134 001a 03       		.uleb128 0x3
 2135 001b 16       		.uleb128 0x16
 2136 001c 00       		.byte	0
 2137 001d 03       		.uleb128 0x3
 2138 001e 0E       		.uleb128 0xe
 2139 001f 3A       		.uleb128 0x3a
 2140 0020 0B       		.uleb128 0xb
 2141 0021 3B       		.uleb128 0x3b
 2142 0022 0B       		.uleb128 0xb
 2143 0023 49       		.uleb128 0x49
 2144 0024 13       		.uleb128 0x13
 2145 0025 00       		.byte	0
 2146 0026 00       		.byte	0
 2147 0027 04       		.uleb128 0x4
 2148 0028 24       		.uleb128 0x24
 2149 0029 00       		.byte	0
 2150 002a 0B       		.uleb128 0xb
 2151 002b 0B       		.uleb128 0xb
 2152 002c 3E       		.uleb128 0x3e
 2153 002d 0B       		.uleb128 0xb
 2154 002e 03       		.uleb128 0x3
 2155 002f 08       		.uleb128 0x8
 2156 0030 00       		.byte	0
 2157 0031 00       		.byte	0
 2158 0032 05       		.uleb128 0x5
 2159 0033 01       		.uleb128 0x1
 2160 0034 01       		.byte	0x1
 2161 0035 49       		.uleb128 0x49
 2162 0036 13       		.uleb128 0x13
ARM GAS  C:\Users\yamen\AppData\Local\Temp\ccP7Xh6g.s 			page 39


 2163 0037 01       		.uleb128 0x1
 2164 0038 13       		.uleb128 0x13
 2165 0039 00       		.byte	0
 2166 003a 00       		.byte	0
 2167 003b 06       		.uleb128 0x6
 2168 003c 21       		.uleb128 0x21
 2169 003d 00       		.byte	0
 2170 003e 49       		.uleb128 0x49
 2171 003f 13       		.uleb128 0x13
 2172 0040 2F       		.uleb128 0x2f
 2173 0041 05       		.uleb128 0x5
 2174 0042 00       		.byte	0
 2175 0043 00       		.byte	0
 2176 0044 07       		.uleb128 0x7
 2177 0045 26       		.uleb128 0x26
 2178 0046 00       		.byte	0
 2179 0047 49       		.uleb128 0x49
 2180 0048 13       		.uleb128 0x13
 2181 0049 00       		.byte	0
 2182 004a 00       		.byte	0
 2183 004b 08       		.uleb128 0x8
 2184 004c 34       		.uleb128 0x34
 2185 004d 00       		.byte	0
 2186 004e 03       		.uleb128 0x3
 2187 004f 0E       		.uleb128 0xe
 2188 0050 3A       		.uleb128 0x3a
 2189 0051 0B       		.uleb128 0xb
 2190 0052 3B       		.uleb128 0x3b
 2191 0053 0B       		.uleb128 0xb
 2192 0054 49       		.uleb128 0x49
 2193 0055 13       		.uleb128 0x13
 2194 0056 3F       		.uleb128 0x3f
 2195 0057 19       		.uleb128 0x19
 2196 0058 02       		.uleb128 0x2
 2197 0059 18       		.uleb128 0x18
 2198 005a 00       		.byte	0
 2199 005b 00       		.byte	0
 2200 005c 09       		.uleb128 0x9
 2201 005d 21       		.uleb128 0x21
 2202 005e 00       		.byte	0
 2203 005f 49       		.uleb128 0x49
 2204 0060 13       		.uleb128 0x13
 2205 0061 2F       		.uleb128 0x2f
 2206 0062 0B       		.uleb128 0xb
 2207 0063 00       		.byte	0
 2208 0064 00       		.byte	0
 2209 0065 0A       		.uleb128 0xa
 2210 0066 34       		.uleb128 0x34
 2211 0067 00       		.byte	0
 2212 0068 03       		.uleb128 0x3
 2213 0069 0E       		.uleb128 0xe
 2214 006a 3A       		.uleb128 0x3a
 2215 006b 0B       		.uleb128 0xb
 2216 006c 3B       		.uleb128 0x3b
 2217 006d 05       		.uleb128 0x5
 2218 006e 49       		.uleb128 0x49
 2219 006f 13       		.uleb128 0x13
ARM GAS  C:\Users\yamen\AppData\Local\Temp\ccP7Xh6g.s 			page 40


 2220 0070 3F       		.uleb128 0x3f
 2221 0071 19       		.uleb128 0x19
 2222 0072 02       		.uleb128 0x2
 2223 0073 18       		.uleb128 0x18
 2224 0074 00       		.byte	0
 2225 0075 00       		.byte	0
 2226 0076 00       		.byte	0
 2227              		.section	.debug_aranges,"",%progbits
 2228 0000 14000000 		.4byte	0x14
 2229 0004 0200     		.2byte	0x2
 2230 0006 00000000 		.4byte	.Ldebug_info0
 2231 000a 04       		.byte	0x4
 2232 000b 00       		.byte	0
 2233 000c 0000     		.2byte	0
 2234 000e 0000     		.2byte	0
 2235 0010 00000000 		.4byte	0
 2236 0014 00000000 		.4byte	0
 2237              		.section	.debug_line,"",%progbits
 2238              	.Ldebug_line0:
 2239 0000 3D010000 		.section	.debug_str,"MS",%progbits,1
 2239      02003701 
 2239      00000201 
 2239      FB0E0D00 
 2239      01010101 
 2240              	.LASF9:
 2241 0000 5F5F7569 		.ascii	"__uint8_t\000"
 2241      6E74385F 
 2241      7400
 2242              	.LASF16:
 2243 000a 63795F6D 		.ascii	"cy_metadata\000"
 2243      65746164 
 2243      61746100 
 2244              	.LASF1:
 2245 0016 756E7369 		.ascii	"unsigned char\000"
 2245      676E6564 
 2245      20636861 
 2245      7200
 2246              	.LASF17:
 2247 0024 474E5520 		.ascii	"GNU C11 5.4.1 20160609 (release) [ARM/embedded-5-br"
 2247      43313120 
 2247      352E342E 
 2247      31203230 
 2247      31363036 
 2248 0057 616E6368 		.ascii	"anch revision 237715] -mcpu=cortex-m3 -mthumb -g -O"
 2248      20726576 
 2248      6973696F 
 2248      6E203233 
 2248      37373135 
 2249 008a 67202D66 		.ascii	"g -ffunction-sections -ffat-lto-objects\000"
 2249      66756E63 
 2249      74696F6E 
 2249      2D736563 
 2249      74696F6E 
 2250              	.LASF5:
 2251 00b2 6C6F6E67 		.ascii	"long unsigned int\000"
 2251      20756E73 
 2251      69676E65 
ARM GAS  C:\Users\yamen\AppData\Local\Temp\ccP7Xh6g.s 			page 41


 2251      6420696E 
 2251      7400
 2252              	.LASF3:
 2253 00c4 73686F72 		.ascii	"short unsigned int\000"
 2253      7420756E 
 2253      7369676E 
 2253      65642069 
 2253      6E7400
 2254              	.LASF13:
 2255 00d7 63795F6D 		.ascii	"cy_meta_custnvl\000"
 2255      6574615F 
 2255      63757374 
 2255      6E766C00 
 2256              	.LASF12:
 2257 00e7 63795F6D 		.ascii	"cy_meta_configecc\000"
 2257      6574615F 
 2257      636F6E66 
 2257      69676563 
 2257      6300
 2258              	.LASF8:
 2259 00f9 756E7369 		.ascii	"unsigned int\000"
 2259      676E6564 
 2259      20696E74 
 2259      00
 2260              	.LASF7:
 2261 0106 6C6F6E67 		.ascii	"long long unsigned int\000"
 2261      206C6F6E 
 2261      6720756E 
 2261      7369676E 
 2261      65642069 
 2262              	.LASF10:
 2263 011d 75696E74 		.ascii	"uint8_t\000"
 2263      385F7400 
 2264              	.LASF15:
 2265 0125 63795F6D 		.ascii	"cy_meta_flashprotect\000"
 2265      6574615F 
 2265      666C6173 
 2265      6870726F 
 2265      74656374 
 2266              	.LASF14:
 2267 013a 63795F6D 		.ascii	"cy_meta_wonvl\000"
 2267      6574615F 
 2267      776F6E76 
 2267      6C00
 2268              	.LASF11:
 2269 0148 73697A65 		.ascii	"sizetype\000"
 2269      74797065 
 2269      00
 2270              	.LASF6:
 2271 0151 6C6F6E67 		.ascii	"long long int\000"
 2271      206C6F6E 
 2271      6720696E 
 2271      7400
 2272              	.LASF2:
 2273 015f 73686F72 		.ascii	"short int\000"
 2273      7420696E 
 2273      7400
ARM GAS  C:\Users\yamen\AppData\Local\Temp\ccP7Xh6g.s 			page 42


 2274              	.LASF4:
 2275 0169 6C6F6E67 		.ascii	"long int\000"
 2275      20696E74 
 2275      00
 2276              	.LASF0:
 2277 0172 7369676E 		.ascii	"signed char\000"
 2277      65642063 
 2277      68617200 
 2278              	.LASF19:
 2279 017e 433A5C55 		.ascii	"C:\\Users\\yamen\\OneDrive\\Dokumente\\GitHub\\Gree"
 2279      73657273 
 2279      5C79616D 
 2279      656E5C4F 
 2279      6E654472 
 2280 01ab 6E2D486F 		.ascii	"n-House\\Green_House\\Green_House.cydsn\000"
 2280      7573655C 
 2280      47726565 
 2280      6E5F486F 
 2280      7573655C 
 2281              	.LASF18:
 2282 01d1 47656E65 		.ascii	"Generated_Source\\PSoC5\\cymetadata.c\000"
 2282      72617465 
 2282      645F536F 
 2282      75726365 
 2282      5C50536F 
 2283              		.ident	"GCC: (GNU Tools for ARM Embedded Processors) 5.4.1 20160609 (release) [ARM/embedded-5-bran
