ARM GAS  C:\Users\yamen\AppData\Local\Temp\ccHrQiNk.s 			page 1


   1              		.syntax unified
   2              		.cpu cortex-m3
   3              		.fpu softvfp
   4              		.eabi_attribute 20, 1
   5              		.eabi_attribute 21, 1
   6              		.eabi_attribute 23, 3
   7              		.eabi_attribute 24, 1
   8              		.eabi_attribute 25, 1
   9              		.eabi_attribute 26, 1
  10              		.eabi_attribute 30, 1
  11              		.eabi_attribute 34, 1
  12              		.eabi_attribute 18, 4
  13              		.thumb
  14              		.syntax unified
  15              		.file	"main.c"
  16              		.text
  17              	.Ltext0:
  18              		.cfi_sections	.debug_frame
  19              		.section	.text.main,"ax",%progbits
  20              		.align	2
  21              		.global	main
  22              		.thumb
  23              		.thumb_func
  24              		.type	main, %function
  25              	main:
  26              	.LFB64:
  27              		.file 1 "main.c"
   1:main.c        **** /* ========================================
   2:main.c        ****  *
   3:main.c        ****  * Green House Project PSoC
   4:main.c        ****  * 
   5:main.c        ****  * Author: Yameni Bakam Gleen Karel & Ndassi Fotso Harold
   6:main.c        ****  *
   7:main.c        ****  * Last version: 18.04.2022
   8:main.c        ****  * 
   9:main.c        ****  * School: Frankfurt University of Applied Sciences
  10:main.c        ****  * ========================================
  11:main.c        **** */
  12:main.c        **** #include "project.h"
  13:main.c        **** #include <stdio.h>
  14:main.c        **** 
  15:main.c        **** // Function prototypes
  16:main.c        **** void realTimeClock(void);
  17:main.c        **** 
  18:main.c        **** // Interrupts handler prototypes
  19:main.c        **** CY_ISR_PROTO(my_isr_UART);
  20:main.c        **** 
  21:main.c        **** 
  22:main.c        **** 
  23:main.c        **** volatile uint8 rtc_data[7];
  24:main.c        **** 
  25:main.c        **** int main(void)
  26:main.c        **** {
  28              		.loc 1 26 0
  29              		.cfi_startproc
  30              		@ args = 0, pretend = 0, frame = 56
  31              		@ frame_needed = 0, uses_anonymous_args = 0
ARM GAS  C:\Users\yamen\AppData\Local\Temp\ccHrQiNk.s 			page 2


  32 0000 30B5     		push	{r4, r5, lr}
  33              		.cfi_def_cfa_offset 12
  34              		.cfi_offset 4, -12
  35              		.cfi_offset 5, -8
  36              		.cfi_offset 14, -4
  37 0002 8FB0     		sub	sp, sp, #60
  38              		.cfi_def_cfa_offset 72
  27:main.c        ****     CyGlobalIntEnable; /* Enable global interrupts. */
  39              		.loc 1 27 0
  40              		.syntax unified
  41              	@ 27 "main.c" 1
  42 0004 62B6     		CPSIE   i
  43              	@ 0 "" 2
  28:main.c        **** 
  29:main.c        ****     /* Place your initialization/startup code here (e.g. MyInst_Start()) */
  30:main.c        ****     UART_Start();
  44              		.loc 1 30 0
  45              		.thumb
  46              		.syntax unified
  47 0006 FFF7FEFF 		bl	UART_Start
  48              	.LVL0:
  31:main.c        ****     isr_UART_StartEx(my_isr_UART);
  49              		.loc 1 31 0
  50 000a 1248     		ldr	r0, .L4
  51 000c FFF7FEFF 		bl	isr_UART_StartEx
  52              	.LVL1:
  32:main.c        ****     //
  33:main.c        ****     I2C_RTC_Start();
  53              		.loc 1 33 0
  54 0010 FFF7FEFF 		bl	I2C_RTC_Start
  55              	.LVL2:
  34:main.c        ****     
  35:main.c        ****     
  36:main.c        ****     // test transmition to putty
  37:main.c        ****     char projectName[50] = "Green House Project \n\r";
  56              		.loc 1 37 0
  57 0014 01AC     		add	r4, sp, #4
  58 0016 104D     		ldr	r5, .L4+4
  59 0018 0FCD     		ldmia	r5!, {r0, r1, r2, r3}
  60 001a 0FC4     		stmia	r4!, {r0, r1, r2, r3}
  61 001c 95E80300 		ldmia	r5, {r0, r1}
  62 0020 44F8040B 		str	r0, [r4], #4
  63 0024 24F8021B 		strh	r1, [r4], #2	@ movhi
  64 0028 090C     		lsrs	r1, r1, #16
  65 002a 2170     		strb	r1, [r4]
  66 002c 0023     		movs	r3, #0
  67 002e CDF81B30 		str	r3, [sp, #27]	@ unaligned
  68 0032 CDF81F30 		str	r3, [sp, #31]	@ unaligned
  69 0036 CDF82330 		str	r3, [sp, #35]	@ unaligned
  70 003a CDF82730 		str	r3, [sp, #39]	@ unaligned
  71 003e CDF82B30 		str	r3, [sp, #43]	@ unaligned
  72 0042 CDF82F30 		str	r3, [sp, #47]	@ unaligned
  73 0046 CDF83230 		str	r3, [sp, #50]	@ unaligned
  38:main.c        ****     UART_PutString(projectName);
  74              		.loc 1 38 0
  75 004a 01A8     		add	r0, sp, #4
  76 004c FFF7FEFF 		bl	UART_PutString
ARM GAS  C:\Users\yamen\AppData\Local\Temp\ccHrQiNk.s 			page 3


  77              	.LVL3:
  78              	.L2:
  79 0050 FEE7     		b	.L2
  80              	.L5:
  81 0052 00BF     		.align	2
  82              	.L4:
  83 0054 00000000 		.word	my_isr_UART
  84 0058 00000000 		.word	.LANCHOR0
  85              		.cfi_endproc
  86              	.LFE64:
  87              		.size	main, .-main
  88              		.section	.text.realTimeClock,"ax",%progbits
  89              		.align	2
  90              		.global	realTimeClock
  91              		.thumb
  92              		.thumb_func
  93              		.type	realTimeClock, %function
  94              	realTimeClock:
  95              	.LFB65:
  39:main.c        ****     
  40:main.c        ****     
  41:main.c        ****     for(;;)
  42:main.c        ****     {
  43:main.c        ****         /* Place your application code here. */
  44:main.c        ****        
  45:main.c        ****     }
  46:main.c        **** }
  47:main.c        **** 
  48:main.c        **** void realTimeClock(void)
  49:main.c        **** {
  96              		.loc 1 49 0
  97              		.cfi_startproc
  98              		@ args = 0, pretend = 0, frame = 24
  99              		@ frame_needed = 0, uses_anonymous_args = 0
 100 0000 10B5     		push	{r4, lr}
 101              		.cfi_def_cfa_offset 8
 102              		.cfi_offset 4, -8
 103              		.cfi_offset 14, -4
 104 0002 86B0     		sub	sp, sp, #24
 105              		.cfi_def_cfa_offset 32
 106              	.LVL4:
  50:main.c        ****     uint8 i, result = 0;
  51:main.c        ****     
  52:main.c        ****     // read the rtm module data from the i2c master
  53:main.c        ****   
  54:main.c        ****     I2C_RTC_MasterSendStart(0x00, I2C_RTC_WRITE_XFER_MODE);
 107              		.loc 1 54 0
 108 0004 0021     		movs	r1, #0
 109 0006 0846     		mov	r0, r1
 110 0008 FFF7FEFF 		bl	I2C_RTC_MasterSendStart
 111              	.LVL5:
  55:main.c        ****     
  56:main.c        ****     I2C_RTC_MasterWriteByte(0x00);
 112              		.loc 1 56 0
 113 000c 0020     		movs	r0, #0
 114 000e FFF7FEFF 		bl	I2C_RTC_MasterWriteByte
 115              	.LVL6:
ARM GAS  C:\Users\yamen\AppData\Local\Temp\ccHrQiNk.s 			page 4


  57:main.c        ****     
  58:main.c        ****     I2C_RTC_MasterSendRestart(0x00, I2C_RTC_WRITE_XFER_MODE);
 116              		.loc 1 58 0
 117 0012 0021     		movs	r1, #0
 118 0014 0846     		mov	r0, r1
 119 0016 FFF7FEFF 		bl	I2C_RTC_MasterSendRestart
 120              	.LVL7:
  59:main.c        ****     
  60:main.c        ****     for(i=0; i<6; i++)
 121              		.loc 1 60 0
 122 001a 0024     		movs	r4, #0
 123 001c 06E0     		b	.L7
 124              	.LVL8:
 125              	.L8:
  61:main.c        ****     {
  62:main.c        ****         rtc_data[i] = I2C_RTC_MasterReadByte(I2C_RTC_ACK_DATA);
 126              		.loc 1 62 0 discriminator 3
 127 001e 0120     		movs	r0, #1
 128 0020 FFF7FEFF 		bl	I2C_RTC_MasterReadByte
 129              	.LVL9:
 130 0024 104B     		ldr	r3, .L12
 131 0026 1855     		strb	r0, [r3, r4]
  60:main.c        ****     {
 132              		.loc 1 60 0 discriminator 3
 133 0028 0134     		adds	r4, r4, #1
 134              	.LVL10:
 135 002a E4B2     		uxtb	r4, r4
 136              	.LVL11:
 137              	.L7:
  60:main.c        ****     {
 138              		.loc 1 60 0 is_stmt 0 discriminator 1
 139 002c 052C     		cmp	r4, #5
 140 002e F6D9     		bls	.L8
  63:main.c        ****     }
  64:main.c        ****     
  65:main.c        ****     rtc_data[6] = I2C_RTC_MasterReadByte(I2C_RTC_NAK_DATA);
 141              		.loc 1 65 0 is_stmt 1
 142 0030 0020     		movs	r0, #0
 143 0032 FFF7FEFF 		bl	I2C_RTC_MasterReadByte
 144              	.LVL12:
 145 0036 0C4B     		ldr	r3, .L12
 146 0038 9871     		strb	r0, [r3, #6]
  66:main.c        ****     
  67:main.c        ****     I2C_RTC_MasterSendStop();
 147              		.loc 1 67 0
 148 003a FFF7FEFF 		bl	I2C_RTC_MasterSendStop
 149              	.LVL13:
  68:main.c        ****     
  69:main.c        ****     // send the result to the commad window
  70:main.c        ****     char testData[20];
  71:main.c        ****     for(i=0; i<7; i++)
 150              		.loc 1 71 0
 151 003e 0024     		movs	r4, #0
 152 0040 0DE0     		b	.L9
 153              	.LVL14:
 154              	.L10:
  72:main.c        ****     {
ARM GAS  C:\Users\yamen\AppData\Local\Temp\ccHrQiNk.s 			page 5


  73:main.c        ****         sprintf(testData,"Bit%d : %d\r\n" ,i , rtc_data[i]>>4&0x07);
 155              		.loc 1 73 0 discriminator 3
 156 0042 094B     		ldr	r3, .L12
 157 0044 1B5D     		ldrb	r3, [r3, r4]	@ zero_extendqisi2
 158 0046 C3F30213 		ubfx	r3, r3, #4, #3
 159 004a 2246     		mov	r2, r4
 160 004c 0749     		ldr	r1, .L12+4
 161 004e 01A8     		add	r0, sp, #4
 162 0050 FFF7FEFF 		bl	sprintf
 163              	.LVL15:
  74:main.c        ****         UART_PutString(testData);
 164              		.loc 1 74 0 discriminator 3
 165 0054 01A8     		add	r0, sp, #4
 166 0056 FFF7FEFF 		bl	UART_PutString
 167              	.LVL16:
  71:main.c        ****     {
 168              		.loc 1 71 0 discriminator 3
 169 005a 0134     		adds	r4, r4, #1
 170              	.LVL17:
 171 005c E4B2     		uxtb	r4, r4
 172              	.LVL18:
 173              	.L9:
  71:main.c        ****     {
 174              		.loc 1 71 0 is_stmt 0 discriminator 1
 175 005e 062C     		cmp	r4, #6
 176 0060 EFD9     		bls	.L10
  75:main.c        ****     }
  76:main.c        **** 
  77:main.c        **** }
 177              		.loc 1 77 0 is_stmt 1
 178 0062 06B0     		add	sp, sp, #24
 179              		.cfi_def_cfa_offset 8
 180              		@ sp needed
 181 0064 10BD     		pop	{r4, pc}
 182              	.LVL19:
 183              	.L13:
 184 0066 00BF     		.align	2
 185              	.L12:
 186 0068 00000000 		.word	rtc_data
 187 006c 00000000 		.word	.LC1
 188              		.cfi_endproc
 189              	.LFE65:
 190              		.size	realTimeClock, .-realTimeClock
 191              		.section	.text.my_isr_UART,"ax",%progbits
 192              		.align	2
 193              		.global	my_isr_UART
 194              		.thumb
 195              		.thumb_func
 196              		.type	my_isr_UART, %function
 197              	my_isr_UART:
 198              	.LFB66:
  78:main.c        **** 
  79:main.c        **** 
  80:main.c        **** CY_ISR(my_isr_UART)
  81:main.c        **** {
 199              		.loc 1 81 0
 200              		.cfi_startproc
ARM GAS  C:\Users\yamen\AppData\Local\Temp\ccHrQiNk.s 			page 6


 201              		@ args = 0, pretend = 0, frame = 0
 202              		@ frame_needed = 0, uses_anonymous_args = 0
 203 0000 08B5     		push	{r3, lr}
 204              		.cfi_def_cfa_offset 8
 205              		.cfi_offset 3, -8
 206              		.cfi_offset 14, -4
  82:main.c        ****     realTimeClock();
 207              		.loc 1 82 0
 208 0002 FFF7FEFF 		bl	realTimeClock
 209              	.LVL20:
  83:main.c        ****     
  84:main.c        ****     // Terminal Interface Commande
  85:main.c        ****     
  86:main.c        ****     // Clearing the Interrupt bit and the Receive register
  87:main.c        ****     UART_ClearRxBuffer();
 210              		.loc 1 87 0
 211 0006 FFF7FEFF 		bl	UART_ClearRxBuffer
 212              	.LVL21:
  88:main.c        ****     isr_UART_ClearPending();
 213              		.loc 1 88 0
 214 000a FFF7FEFF 		bl	isr_UART_ClearPending
 215              	.LVL22:
 216 000e 08BD     		pop	{r3, pc}
 217              		.cfi_endproc
 218              	.LFE66:
 219              		.size	my_isr_UART, .-my_isr_UART
 220              		.comm	rtc_data,7,4
 221              		.section	.rodata
 222              		.align	2
 223              		.set	.LANCHOR0,. + 0
 224              	.LC0:
 225 0000 47726565 		.ascii	"Green House Project \012\015\000"
 225      6E20486F 
 225      75736520 
 225      50726F6A 
 225      65637420 
 226 0017 00000000 		.space	27
 226      00000000 
 226      00000000 
 226      00000000 
 226      00000000 
 227              		.section	.rodata.str1.4,"aMS",%progbits,1
 228              		.align	2
 229              	.LC1:
 230 0000 42697425 		.ascii	"Bit%d : %d\015\012\000"
 230      64203A20 
 230      25640D0A 
 230      00
 231              		.text
 232              	.Letext0:
 233              		.file 2 "c:\\program files (x86)\\cypress\\psoc creator\\4.2\\psoc creator\\import\\gnu\\arm\\5.4.
 234              		.file 3 "c:\\program files (x86)\\cypress\\psoc creator\\4.2\\psoc creator\\import\\gnu\\arm\\5.4.
 235              		.file 4 "Generated_Source\\PSoC5/cytypes.h"
 236              		.file 5 "Generated_Source\\PSoC5/core_cm3.h"
 237              		.file 6 "Generated_Source\\PSoC5/UART.h"
 238              		.file 7 "Generated_Source\\PSoC5/isr_UART.h"
 239              		.file 8 "Generated_Source\\PSoC5/I2C_RTC.h"
ARM GAS  C:\Users\yamen\AppData\Local\Temp\ccHrQiNk.s 			page 7


 240              		.file 9 "c:\\program files (x86)\\cypress\\psoc creator\\4.2\\psoc creator\\import\\gnu\\arm\\5.4.
 241              		.section	.debug_info,"",%progbits
 242              	.Ldebug_info0:
 243 0000 02030000 		.4byte	0x302
 244 0004 0400     		.2byte	0x4
 245 0006 00000000 		.4byte	.Ldebug_abbrev0
 246 000a 04       		.byte	0x4
 247 000b 01       		.uleb128 0x1
 248 000c 72000000 		.4byte	.LASF36
 249 0010 0C       		.byte	0xc
 250 0011 F6010000 		.4byte	.LASF37
 251 0015 7C020000 		.4byte	.LASF38
 252 0019 00000000 		.4byte	.Ldebug_ranges0+0
 253 001d 00000000 		.4byte	0
 254 0021 00000000 		.4byte	.Ldebug_line0
 255 0025 02       		.uleb128 0x2
 256 0026 01       		.byte	0x1
 257 0027 06       		.byte	0x6
 258 0028 5F020000 		.4byte	.LASF0
 259 002c 02       		.uleb128 0x2
 260 002d 01       		.byte	0x1
 261 002e 08       		.byte	0x8
 262 002f 64000000 		.4byte	.LASF1
 263 0033 02       		.uleb128 0x2
 264 0034 02       		.byte	0x2
 265 0035 05       		.byte	0x5
 266 0036 68010000 		.4byte	.LASF2
 267 003a 02       		.uleb128 0x2
 268 003b 02       		.byte	0x2
 269 003c 07       		.byte	0x7
 270 003d 12010000 		.4byte	.LASF3
 271 0041 03       		.uleb128 0x3
 272 0042 00000000 		.4byte	.LASF9
 273 0046 02       		.byte	0x2
 274 0047 3F       		.byte	0x3f
 275 0048 4C000000 		.4byte	0x4c
 276 004c 02       		.uleb128 0x2
 277 004d 04       		.byte	0x4
 278 004e 05       		.byte	0x5
 279 004f 24020000 		.4byte	.LASF4
 280 0053 02       		.uleb128 0x2
 281 0054 04       		.byte	0x4
 282 0055 07       		.byte	0x7
 283 0056 00010000 		.4byte	.LASF5
 284 005a 02       		.uleb128 0x2
 285 005b 08       		.byte	0x8
 286 005c 05       		.byte	0x5
 287 005d E8010000 		.4byte	.LASF6
 288 0061 02       		.uleb128 0x2
 289 0062 08       		.byte	0x8
 290 0063 07       		.byte	0x7
 291 0064 8D010000 		.4byte	.LASF7
 292 0068 04       		.uleb128 0x4
 293 0069 04       		.byte	0x4
 294 006a 05       		.byte	0x5
 295 006b 696E7400 		.ascii	"int\000"
 296 006f 02       		.uleb128 0x2
ARM GAS  C:\Users\yamen\AppData\Local\Temp\ccHrQiNk.s 			page 8


 297 0070 04       		.byte	0x4
 298 0071 07       		.byte	0x7
 299 0072 80010000 		.4byte	.LASF8
 300 0076 03       		.uleb128 0x3
 301 0077 D7010000 		.4byte	.LASF10
 302 007b 03       		.byte	0x3
 303 007c 2C       		.byte	0x2c
 304 007d 41000000 		.4byte	0x41
 305 0081 05       		.uleb128 0x5
 306 0082 1E020000 		.4byte	.LASF11
 307 0086 04       		.byte	0x4
 308 0087 E401     		.2byte	0x1e4
 309 0089 2C000000 		.4byte	0x2c
 310 008d 02       		.uleb128 0x2
 311 008e 04       		.byte	0x4
 312 008f 04       		.byte	0x4
 313 0090 5E000000 		.4byte	.LASF12
 314 0094 02       		.uleb128 0x2
 315 0095 08       		.byte	0x8
 316 0096 04       		.byte	0x4
 317 0097 61010000 		.4byte	.LASF13
 318 009b 02       		.uleb128 0x2
 319 009c 01       		.byte	0x1
 320 009d 08       		.byte	0x8
 321 009e FD010000 		.4byte	.LASF14
 322 00a2 06       		.uleb128 0x6
 323 00a3 81000000 		.4byte	0x81
 324 00a7 02       		.uleb128 0x2
 325 00a8 08       		.byte	0x8
 326 00a9 04       		.byte	0x4
 327 00aa 39020000 		.4byte	.LASF15
 328 00ae 02       		.uleb128 0x2
 329 00af 04       		.byte	0x4
 330 00b0 07       		.byte	0x7
 331 00b1 DF010000 		.4byte	.LASF16
 332 00b5 07       		.uleb128 0x7
 333 00b6 7B010000 		.4byte	.LASF39
 334 00ba 01       		.byte	0x1
 335 00bb 19       		.byte	0x19
 336 00bc 68000000 		.4byte	0x68
 337 00c0 00000000 		.4byte	.LFB64
 338 00c4 5C000000 		.4byte	.LFE64-.LFB64
 339 00c8 01       		.uleb128 0x1
 340 00c9 9C       		.byte	0x9c
 341 00ca 17010000 		.4byte	0x117
 342 00ce 08       		.uleb128 0x8
 343 00cf 2D020000 		.4byte	.LASF17
 344 00d3 01       		.byte	0x1
 345 00d4 25       		.byte	0x25
 346 00d5 17010000 		.4byte	0x117
 347 00d9 03       		.uleb128 0x3
 348 00da 91       		.byte	0x91
 349 00db BC7F     		.sleb128 -68
 350 00dd 09       		.uleb128 0x9
 351 00de 0A000000 		.4byte	.LVL0
 352 00e2 81020000 		.4byte	0x281
 353 00e6 0A       		.uleb128 0xa
ARM GAS  C:\Users\yamen\AppData\Local\Temp\ccHrQiNk.s 			page 9


 354 00e7 10000000 		.4byte	.LVL1
 355 00eb 8C020000 		.4byte	0x28c
 356 00ef FD000000 		.4byte	0xfd
 357 00f3 0B       		.uleb128 0xb
 358 00f4 01       		.uleb128 0x1
 359 00f5 50       		.byte	0x50
 360 00f6 05       		.uleb128 0x5
 361 00f7 03       		.byte	0x3
 362 00f8 00000000 		.4byte	my_isr_UART
 363 00fc 00       		.byte	0
 364 00fd 09       		.uleb128 0x9
 365 00fe 14000000 		.4byte	.LVL2
 366 0102 97020000 		.4byte	0x297
 367 0106 0C       		.uleb128 0xc
 368 0107 50000000 		.4byte	.LVL3
 369 010b A2020000 		.4byte	0x2a2
 370 010f 0B       		.uleb128 0xb
 371 0110 01       		.uleb128 0x1
 372 0111 50       		.byte	0x50
 373 0112 02       		.uleb128 0x2
 374 0113 74       		.byte	0x74
 375 0114 6A       		.sleb128 -22
 376 0115 00       		.byte	0
 377 0116 00       		.byte	0
 378 0117 0D       		.uleb128 0xd
 379 0118 9B000000 		.4byte	0x9b
 380 011c 27010000 		.4byte	0x127
 381 0120 0E       		.uleb128 0xe
 382 0121 AE000000 		.4byte	0xae
 383 0125 31       		.byte	0x31
 384 0126 00       		.byte	0
 385 0127 0F       		.uleb128 0xf
 386 0128 02020000 		.4byte	.LASF20
 387 012c 01       		.byte	0x1
 388 012d 30       		.byte	0x30
 389 012e 00000000 		.4byte	.LFB65
 390 0132 70000000 		.4byte	.LFE65-.LFB65
 391 0136 01       		.uleb128 0x1
 392 0137 9C       		.byte	0x9c
 393 0138 09020000 		.4byte	0x209
 394 013c 10       		.uleb128 0x10
 395 013d 6900     		.ascii	"i\000"
 396 013f 01       		.byte	0x1
 397 0140 32       		.byte	0x32
 398 0141 81000000 		.4byte	0x81
 399 0145 00000000 		.4byte	.LLST0
 400 0149 11       		.uleb128 0x11
 401 014a A4010000 		.4byte	.LASF18
 402 014e 01       		.byte	0x1
 403 014f 32       		.byte	0x32
 404 0150 81000000 		.4byte	0x81
 405 0154 00       		.byte	0
 406 0155 08       		.uleb128 0x8
 407 0156 0A000000 		.4byte	.LASF19
 408 015a 01       		.byte	0x1
 409 015b 46       		.byte	0x46
 410 015c 09020000 		.4byte	0x209
ARM GAS  C:\Users\yamen\AppData\Local\Temp\ccHrQiNk.s 			page 10


 411 0160 02       		.uleb128 0x2
 412 0161 91       		.byte	0x91
 413 0162 64       		.sleb128 -28
 414 0163 0A       		.uleb128 0xa
 415 0164 0C000000 		.4byte	.LVL5
 416 0168 AD020000 		.4byte	0x2ad
 417 016c 7B010000 		.4byte	0x17b
 418 0170 0B       		.uleb128 0xb
 419 0171 01       		.uleb128 0x1
 420 0172 50       		.byte	0x50
 421 0173 01       		.uleb128 0x1
 422 0174 30       		.byte	0x30
 423 0175 0B       		.uleb128 0xb
 424 0176 01       		.uleb128 0x1
 425 0177 51       		.byte	0x51
 426 0178 01       		.uleb128 0x1
 427 0179 30       		.byte	0x30
 428 017a 00       		.byte	0
 429 017b 0A       		.uleb128 0xa
 430 017c 12000000 		.4byte	.LVL6
 431 0180 B8020000 		.4byte	0x2b8
 432 0184 8E010000 		.4byte	0x18e
 433 0188 0B       		.uleb128 0xb
 434 0189 01       		.uleb128 0x1
 435 018a 50       		.byte	0x50
 436 018b 01       		.uleb128 0x1
 437 018c 30       		.byte	0x30
 438 018d 00       		.byte	0
 439 018e 0A       		.uleb128 0xa
 440 018f 1A000000 		.4byte	.LVL7
 441 0193 C3020000 		.4byte	0x2c3
 442 0197 A6010000 		.4byte	0x1a6
 443 019b 0B       		.uleb128 0xb
 444 019c 01       		.uleb128 0x1
 445 019d 50       		.byte	0x50
 446 019e 01       		.uleb128 0x1
 447 019f 30       		.byte	0x30
 448 01a0 0B       		.uleb128 0xb
 449 01a1 01       		.uleb128 0x1
 450 01a2 51       		.byte	0x51
 451 01a3 01       		.uleb128 0x1
 452 01a4 30       		.byte	0x30
 453 01a5 00       		.byte	0
 454 01a6 0A       		.uleb128 0xa
 455 01a7 24000000 		.4byte	.LVL9
 456 01ab CE020000 		.4byte	0x2ce
 457 01af B9010000 		.4byte	0x1b9
 458 01b3 0B       		.uleb128 0xb
 459 01b4 01       		.uleb128 0x1
 460 01b5 50       		.byte	0x50
 461 01b6 01       		.uleb128 0x1
 462 01b7 31       		.byte	0x31
 463 01b8 00       		.byte	0
 464 01b9 0A       		.uleb128 0xa
 465 01ba 36000000 		.4byte	.LVL12
 466 01be CE020000 		.4byte	0x2ce
 467 01c2 CC010000 		.4byte	0x1cc
ARM GAS  C:\Users\yamen\AppData\Local\Temp\ccHrQiNk.s 			page 11


 468 01c6 0B       		.uleb128 0xb
 469 01c7 01       		.uleb128 0x1
 470 01c8 50       		.byte	0x50
 471 01c9 01       		.uleb128 0x1
 472 01ca 30       		.byte	0x30
 473 01cb 00       		.byte	0
 474 01cc 09       		.uleb128 0x9
 475 01cd 3E000000 		.4byte	.LVL13
 476 01d1 D9020000 		.4byte	0x2d9
 477 01d5 0A       		.uleb128 0xa
 478 01d6 54000000 		.4byte	.LVL15
 479 01da E4020000 		.4byte	0x2e4
 480 01de F8010000 		.4byte	0x1f8
 481 01e2 0B       		.uleb128 0xb
 482 01e3 01       		.uleb128 0x1
 483 01e4 50       		.byte	0x50
 484 01e5 02       		.uleb128 0x2
 485 01e6 91       		.byte	0x91
 486 01e7 64       		.sleb128 -28
 487 01e8 0B       		.uleb128 0xb
 488 01e9 01       		.uleb128 0x1
 489 01ea 51       		.byte	0x51
 490 01eb 05       		.uleb128 0x5
 491 01ec 03       		.byte	0x3
 492 01ed 00000000 		.4byte	.LC1
 493 01f1 0B       		.uleb128 0xb
 494 01f2 01       		.uleb128 0x1
 495 01f3 52       		.byte	0x52
 496 01f4 02       		.uleb128 0x2
 497 01f5 74       		.byte	0x74
 498 01f6 00       		.sleb128 0
 499 01f7 00       		.byte	0
 500 01f8 0C       		.uleb128 0xc
 501 01f9 5A000000 		.4byte	.LVL16
 502 01fd A2020000 		.4byte	0x2a2
 503 0201 0B       		.uleb128 0xb
 504 0202 01       		.uleb128 0x1
 505 0203 50       		.byte	0x50
 506 0204 02       		.uleb128 0x2
 507 0205 91       		.byte	0x91
 508 0206 64       		.sleb128 -28
 509 0207 00       		.byte	0
 510 0208 00       		.byte	0
 511 0209 0D       		.uleb128 0xd
 512 020a 9B000000 		.4byte	0x9b
 513 020e 19020000 		.4byte	0x219
 514 0212 0E       		.uleb128 0xe
 515 0213 AE000000 		.4byte	0xae
 516 0217 13       		.byte	0x13
 517 0218 00       		.byte	0
 518 0219 0F       		.uleb128 0xf
 519 021a CB010000 		.4byte	.LASF21
 520 021e 01       		.byte	0x1
 521 021f 50       		.byte	0x50
 522 0220 00000000 		.4byte	.LFB66
 523 0224 10000000 		.4byte	.LFE66-.LFB66
 524 0228 01       		.uleb128 0x1
ARM GAS  C:\Users\yamen\AppData\Local\Temp\ccHrQiNk.s 			page 12


 525 0229 9C       		.byte	0x9c
 526 022a 4A020000 		.4byte	0x24a
 527 022e 09       		.uleb128 0x9
 528 022f 06000000 		.4byte	.LVL20
 529 0233 27010000 		.4byte	0x127
 530 0237 09       		.uleb128 0x9
 531 0238 0A000000 		.4byte	.LVL21
 532 023c EF020000 		.4byte	0x2ef
 533 0240 09       		.uleb128 0x9
 534 0241 0E000000 		.4byte	.LVL22
 535 0245 FA020000 		.4byte	0x2fa
 536 0249 00       		.byte	0
 537 024a 12       		.uleb128 0x12
 538 024b 3D010000 		.4byte	.LASF22
 539 024f 05       		.byte	0x5
 540 0250 1207     		.2byte	0x712
 541 0252 56020000 		.4byte	0x256
 542 0256 06       		.uleb128 0x6
 543 0257 76000000 		.4byte	0x76
 544 025b 0D       		.uleb128 0xd
 545 025c A2000000 		.4byte	0xa2
 546 0260 6B020000 		.4byte	0x26b
 547 0264 0E       		.uleb128 0xe
 548 0265 AE000000 		.4byte	0xae
 549 0269 06       		.byte	0x6
 550 026a 00       		.byte	0
 551 026b 13       		.uleb128 0x13
 552 026c 72010000 		.4byte	.LASF23
 553 0270 01       		.byte	0x1
 554 0271 17       		.byte	0x17
 555 0272 7C020000 		.4byte	0x27c
 556 0276 05       		.uleb128 0x5
 557 0277 03       		.byte	0x3
 558 0278 00000000 		.4byte	rtc_data
 559 027c 06       		.uleb128 0x6
 560 027d 5B020000 		.4byte	0x25b
 561 0281 14       		.uleb128 0x14
 562 0282 26000000 		.4byte	.LASF24
 563 0286 26000000 		.4byte	.LASF24
 564 028a 06       		.byte	0x6
 565 028b 54       		.byte	0x54
 566 028c 14       		.uleb128 0x14
 567 028d 6B020000 		.4byte	.LASF25
 568 0291 6B020000 		.4byte	.LASF25
 569 0295 07       		.byte	0x7
 570 0296 18       		.byte	0x18
 571 0297 14       		.uleb128 0x14
 572 0298 10020000 		.4byte	.LASF26
 573 029c 10020000 		.4byte	.LASF26
 574 02a0 08       		.byte	0x8
 575 02a1 93       		.byte	0x93
 576 02a2 14       		.uleb128 0x14
 577 02a3 CF020000 		.4byte	.LASF27
 578 02a7 CF020000 		.4byte	.LASF27
 579 02ab 06       		.byte	0x6
 580 02ac 8B       		.byte	0x8b
 581 02ad 14       		.uleb128 0x14
ARM GAS  C:\Users\yamen\AppData\Local\Temp\ccHrQiNk.s 			page 13


 582 02ae AB010000 		.4byte	.LASF28
 583 02b2 AB010000 		.4byte	.LASF28
 584 02b6 08       		.byte	0x8
 585 02b7 B1       		.byte	0xb1
 586 02b8 14       		.uleb128 0x14
 587 02b9 25010000 		.4byte	.LASF29
 588 02bd 25010000 		.4byte	.LASF29
 589 02c1 08       		.byte	0x8
 590 02c2 B6       		.byte	0xb6
 591 02c3 14       		.uleb128 0x14
 592 02c4 45020000 		.4byte	.LASF30
 593 02c8 45020000 		.4byte	.LASF30
 594 02cc 08       		.byte	0x8
 595 02cd B3       		.byte	0xb3
 596 02ce 14       		.uleb128 0x14
 597 02cf 31000000 		.4byte	.LASF31
 598 02d3 31000000 		.4byte	.LASF31
 599 02d7 08       		.byte	0x8
 600 02d8 B7       		.byte	0xb7
 601 02d9 14       		.uleb128 0x14
 602 02da 4A010000 		.4byte	.LASF32
 603 02de 4A010000 		.4byte	.LASF32
 604 02e2 08       		.byte	0x8
 605 02e3 B5       		.byte	0xb5
 606 02e4 14       		.uleb128 0x14
 607 02e5 C3010000 		.4byte	.LASF33
 608 02e9 C3010000 		.4byte	.LASF33
 609 02ed 09       		.byte	0x9
 610 02ee E7       		.byte	0xe7
 611 02ef 14       		.uleb128 0x14
 612 02f0 13000000 		.4byte	.LASF34
 613 02f4 13000000 		.4byte	.LASF34
 614 02f8 06       		.byte	0x6
 615 02f9 75       		.byte	0x75
 616 02fa 14       		.uleb128 0x14
 617 02fb 48000000 		.4byte	.LASF35
 618 02ff 48000000 		.4byte	.LASF35
 619 0303 07       		.byte	0x7
 620 0304 28       		.byte	0x28
 621 0305 00       		.byte	0
 622              		.section	.debug_abbrev,"",%progbits
 623              	.Ldebug_abbrev0:
 624 0000 01       		.uleb128 0x1
 625 0001 11       		.uleb128 0x11
 626 0002 01       		.byte	0x1
 627 0003 25       		.uleb128 0x25
 628 0004 0E       		.uleb128 0xe
 629 0005 13       		.uleb128 0x13
 630 0006 0B       		.uleb128 0xb
 631 0007 03       		.uleb128 0x3
 632 0008 0E       		.uleb128 0xe
 633 0009 1B       		.uleb128 0x1b
 634 000a 0E       		.uleb128 0xe
 635 000b 55       		.uleb128 0x55
 636 000c 17       		.uleb128 0x17
 637 000d 11       		.uleb128 0x11
 638 000e 01       		.uleb128 0x1
ARM GAS  C:\Users\yamen\AppData\Local\Temp\ccHrQiNk.s 			page 14


 639 000f 10       		.uleb128 0x10
 640 0010 17       		.uleb128 0x17
 641 0011 00       		.byte	0
 642 0012 00       		.byte	0
 643 0013 02       		.uleb128 0x2
 644 0014 24       		.uleb128 0x24
 645 0015 00       		.byte	0
 646 0016 0B       		.uleb128 0xb
 647 0017 0B       		.uleb128 0xb
 648 0018 3E       		.uleb128 0x3e
 649 0019 0B       		.uleb128 0xb
 650 001a 03       		.uleb128 0x3
 651 001b 0E       		.uleb128 0xe
 652 001c 00       		.byte	0
 653 001d 00       		.byte	0
 654 001e 03       		.uleb128 0x3
 655 001f 16       		.uleb128 0x16
 656 0020 00       		.byte	0
 657 0021 03       		.uleb128 0x3
 658 0022 0E       		.uleb128 0xe
 659 0023 3A       		.uleb128 0x3a
 660 0024 0B       		.uleb128 0xb
 661 0025 3B       		.uleb128 0x3b
 662 0026 0B       		.uleb128 0xb
 663 0027 49       		.uleb128 0x49
 664 0028 13       		.uleb128 0x13
 665 0029 00       		.byte	0
 666 002a 00       		.byte	0
 667 002b 04       		.uleb128 0x4
 668 002c 24       		.uleb128 0x24
 669 002d 00       		.byte	0
 670 002e 0B       		.uleb128 0xb
 671 002f 0B       		.uleb128 0xb
 672 0030 3E       		.uleb128 0x3e
 673 0031 0B       		.uleb128 0xb
 674 0032 03       		.uleb128 0x3
 675 0033 08       		.uleb128 0x8
 676 0034 00       		.byte	0
 677 0035 00       		.byte	0
 678 0036 05       		.uleb128 0x5
 679 0037 16       		.uleb128 0x16
 680 0038 00       		.byte	0
 681 0039 03       		.uleb128 0x3
 682 003a 0E       		.uleb128 0xe
 683 003b 3A       		.uleb128 0x3a
 684 003c 0B       		.uleb128 0xb
 685 003d 3B       		.uleb128 0x3b
 686 003e 05       		.uleb128 0x5
 687 003f 49       		.uleb128 0x49
 688 0040 13       		.uleb128 0x13
 689 0041 00       		.byte	0
 690 0042 00       		.byte	0
 691 0043 06       		.uleb128 0x6
 692 0044 35       		.uleb128 0x35
 693 0045 00       		.byte	0
 694 0046 49       		.uleb128 0x49
 695 0047 13       		.uleb128 0x13
ARM GAS  C:\Users\yamen\AppData\Local\Temp\ccHrQiNk.s 			page 15


 696 0048 00       		.byte	0
 697 0049 00       		.byte	0
 698 004a 07       		.uleb128 0x7
 699 004b 2E       		.uleb128 0x2e
 700 004c 01       		.byte	0x1
 701 004d 3F       		.uleb128 0x3f
 702 004e 19       		.uleb128 0x19
 703 004f 03       		.uleb128 0x3
 704 0050 0E       		.uleb128 0xe
 705 0051 3A       		.uleb128 0x3a
 706 0052 0B       		.uleb128 0xb
 707 0053 3B       		.uleb128 0x3b
 708 0054 0B       		.uleb128 0xb
 709 0055 27       		.uleb128 0x27
 710 0056 19       		.uleb128 0x19
 711 0057 49       		.uleb128 0x49
 712 0058 13       		.uleb128 0x13
 713 0059 8701     		.uleb128 0x87
 714 005b 19       		.uleb128 0x19
 715 005c 11       		.uleb128 0x11
 716 005d 01       		.uleb128 0x1
 717 005e 12       		.uleb128 0x12
 718 005f 06       		.uleb128 0x6
 719 0060 40       		.uleb128 0x40
 720 0061 18       		.uleb128 0x18
 721 0062 9742     		.uleb128 0x2117
 722 0064 19       		.uleb128 0x19
 723 0065 01       		.uleb128 0x1
 724 0066 13       		.uleb128 0x13
 725 0067 00       		.byte	0
 726 0068 00       		.byte	0
 727 0069 08       		.uleb128 0x8
 728 006a 34       		.uleb128 0x34
 729 006b 00       		.byte	0
 730 006c 03       		.uleb128 0x3
 731 006d 0E       		.uleb128 0xe
 732 006e 3A       		.uleb128 0x3a
 733 006f 0B       		.uleb128 0xb
 734 0070 3B       		.uleb128 0x3b
 735 0071 0B       		.uleb128 0xb
 736 0072 49       		.uleb128 0x49
 737 0073 13       		.uleb128 0x13
 738 0074 02       		.uleb128 0x2
 739 0075 18       		.uleb128 0x18
 740 0076 00       		.byte	0
 741 0077 00       		.byte	0
 742 0078 09       		.uleb128 0x9
 743 0079 898201   		.uleb128 0x4109
 744 007c 00       		.byte	0
 745 007d 11       		.uleb128 0x11
 746 007e 01       		.uleb128 0x1
 747 007f 31       		.uleb128 0x31
 748 0080 13       		.uleb128 0x13
 749 0081 00       		.byte	0
 750 0082 00       		.byte	0
 751 0083 0A       		.uleb128 0xa
 752 0084 898201   		.uleb128 0x4109
ARM GAS  C:\Users\yamen\AppData\Local\Temp\ccHrQiNk.s 			page 16


 753 0087 01       		.byte	0x1
 754 0088 11       		.uleb128 0x11
 755 0089 01       		.uleb128 0x1
 756 008a 31       		.uleb128 0x31
 757 008b 13       		.uleb128 0x13
 758 008c 01       		.uleb128 0x1
 759 008d 13       		.uleb128 0x13
 760 008e 00       		.byte	0
 761 008f 00       		.byte	0
 762 0090 0B       		.uleb128 0xb
 763 0091 8A8201   		.uleb128 0x410a
 764 0094 00       		.byte	0
 765 0095 02       		.uleb128 0x2
 766 0096 18       		.uleb128 0x18
 767 0097 9142     		.uleb128 0x2111
 768 0099 18       		.uleb128 0x18
 769 009a 00       		.byte	0
 770 009b 00       		.byte	0
 771 009c 0C       		.uleb128 0xc
 772 009d 898201   		.uleb128 0x4109
 773 00a0 01       		.byte	0x1
 774 00a1 11       		.uleb128 0x11
 775 00a2 01       		.uleb128 0x1
 776 00a3 31       		.uleb128 0x31
 777 00a4 13       		.uleb128 0x13
 778 00a5 00       		.byte	0
 779 00a6 00       		.byte	0
 780 00a7 0D       		.uleb128 0xd
 781 00a8 01       		.uleb128 0x1
 782 00a9 01       		.byte	0x1
 783 00aa 49       		.uleb128 0x49
 784 00ab 13       		.uleb128 0x13
 785 00ac 01       		.uleb128 0x1
 786 00ad 13       		.uleb128 0x13
 787 00ae 00       		.byte	0
 788 00af 00       		.byte	0
 789 00b0 0E       		.uleb128 0xe
 790 00b1 21       		.uleb128 0x21
 791 00b2 00       		.byte	0
 792 00b3 49       		.uleb128 0x49
 793 00b4 13       		.uleb128 0x13
 794 00b5 2F       		.uleb128 0x2f
 795 00b6 0B       		.uleb128 0xb
 796 00b7 00       		.byte	0
 797 00b8 00       		.byte	0
 798 00b9 0F       		.uleb128 0xf
 799 00ba 2E       		.uleb128 0x2e
 800 00bb 01       		.byte	0x1
 801 00bc 3F       		.uleb128 0x3f
 802 00bd 19       		.uleb128 0x19
 803 00be 03       		.uleb128 0x3
 804 00bf 0E       		.uleb128 0xe
 805 00c0 3A       		.uleb128 0x3a
 806 00c1 0B       		.uleb128 0xb
 807 00c2 3B       		.uleb128 0x3b
 808 00c3 0B       		.uleb128 0xb
 809 00c4 27       		.uleb128 0x27
ARM GAS  C:\Users\yamen\AppData\Local\Temp\ccHrQiNk.s 			page 17


 810 00c5 19       		.uleb128 0x19
 811 00c6 11       		.uleb128 0x11
 812 00c7 01       		.uleb128 0x1
 813 00c8 12       		.uleb128 0x12
 814 00c9 06       		.uleb128 0x6
 815 00ca 40       		.uleb128 0x40
 816 00cb 18       		.uleb128 0x18
 817 00cc 9742     		.uleb128 0x2117
 818 00ce 19       		.uleb128 0x19
 819 00cf 01       		.uleb128 0x1
 820 00d0 13       		.uleb128 0x13
 821 00d1 00       		.byte	0
 822 00d2 00       		.byte	0
 823 00d3 10       		.uleb128 0x10
 824 00d4 34       		.uleb128 0x34
 825 00d5 00       		.byte	0
 826 00d6 03       		.uleb128 0x3
 827 00d7 08       		.uleb128 0x8
 828 00d8 3A       		.uleb128 0x3a
 829 00d9 0B       		.uleb128 0xb
 830 00da 3B       		.uleb128 0x3b
 831 00db 0B       		.uleb128 0xb
 832 00dc 49       		.uleb128 0x49
 833 00dd 13       		.uleb128 0x13
 834 00de 02       		.uleb128 0x2
 835 00df 17       		.uleb128 0x17
 836 00e0 00       		.byte	0
 837 00e1 00       		.byte	0
 838 00e2 11       		.uleb128 0x11
 839 00e3 34       		.uleb128 0x34
 840 00e4 00       		.byte	0
 841 00e5 03       		.uleb128 0x3
 842 00e6 0E       		.uleb128 0xe
 843 00e7 3A       		.uleb128 0x3a
 844 00e8 0B       		.uleb128 0xb
 845 00e9 3B       		.uleb128 0x3b
 846 00ea 0B       		.uleb128 0xb
 847 00eb 49       		.uleb128 0x49
 848 00ec 13       		.uleb128 0x13
 849 00ed 1C       		.uleb128 0x1c
 850 00ee 0B       		.uleb128 0xb
 851 00ef 00       		.byte	0
 852 00f0 00       		.byte	0
 853 00f1 12       		.uleb128 0x12
 854 00f2 34       		.uleb128 0x34
 855 00f3 00       		.byte	0
 856 00f4 03       		.uleb128 0x3
 857 00f5 0E       		.uleb128 0xe
 858 00f6 3A       		.uleb128 0x3a
 859 00f7 0B       		.uleb128 0xb
 860 00f8 3B       		.uleb128 0x3b
 861 00f9 05       		.uleb128 0x5
 862 00fa 49       		.uleb128 0x49
 863 00fb 13       		.uleb128 0x13
 864 00fc 3F       		.uleb128 0x3f
 865 00fd 19       		.uleb128 0x19
 866 00fe 3C       		.uleb128 0x3c
ARM GAS  C:\Users\yamen\AppData\Local\Temp\ccHrQiNk.s 			page 18


 867 00ff 19       		.uleb128 0x19
 868 0100 00       		.byte	0
 869 0101 00       		.byte	0
 870 0102 13       		.uleb128 0x13
 871 0103 34       		.uleb128 0x34
 872 0104 00       		.byte	0
 873 0105 03       		.uleb128 0x3
 874 0106 0E       		.uleb128 0xe
 875 0107 3A       		.uleb128 0x3a
 876 0108 0B       		.uleb128 0xb
 877 0109 3B       		.uleb128 0x3b
 878 010a 0B       		.uleb128 0xb
 879 010b 49       		.uleb128 0x49
 880 010c 13       		.uleb128 0x13
 881 010d 3F       		.uleb128 0x3f
 882 010e 19       		.uleb128 0x19
 883 010f 02       		.uleb128 0x2
 884 0110 18       		.uleb128 0x18
 885 0111 00       		.byte	0
 886 0112 00       		.byte	0
 887 0113 14       		.uleb128 0x14
 888 0114 2E       		.uleb128 0x2e
 889 0115 00       		.byte	0
 890 0116 3F       		.uleb128 0x3f
 891 0117 19       		.uleb128 0x19
 892 0118 3C       		.uleb128 0x3c
 893 0119 19       		.uleb128 0x19
 894 011a 6E       		.uleb128 0x6e
 895 011b 0E       		.uleb128 0xe
 896 011c 03       		.uleb128 0x3
 897 011d 0E       		.uleb128 0xe
 898 011e 3A       		.uleb128 0x3a
 899 011f 0B       		.uleb128 0xb
 900 0120 3B       		.uleb128 0x3b
 901 0121 0B       		.uleb128 0xb
 902 0122 00       		.byte	0
 903 0123 00       		.byte	0
 904 0124 00       		.byte	0
 905              		.section	.debug_loc,"",%progbits
 906              	.Ldebug_loc0:
 907              	.LLST0:
 908 0000 1A000000 		.4byte	.LVL7
 909 0004 1E000000 		.4byte	.LVL8
 910 0008 0200     		.2byte	0x2
 911 000a 30       		.byte	0x30
 912 000b 9F       		.byte	0x9f
 913 000c 1E000000 		.4byte	.LVL8
 914 0010 2A000000 		.4byte	.LVL10
 915 0014 0100     		.2byte	0x1
 916 0016 54       		.byte	0x54
 917 0017 2C000000 		.4byte	.LVL11
 918 001b 3E000000 		.4byte	.LVL13
 919 001f 0100     		.2byte	0x1
 920 0021 54       		.byte	0x54
 921 0022 3E000000 		.4byte	.LVL13
 922 0026 42000000 		.4byte	.LVL14
 923 002a 0200     		.2byte	0x2
ARM GAS  C:\Users\yamen\AppData\Local\Temp\ccHrQiNk.s 			page 19


 924 002c 30       		.byte	0x30
 925 002d 9F       		.byte	0x9f
 926 002e 42000000 		.4byte	.LVL14
 927 0032 5C000000 		.4byte	.LVL17
 928 0036 0100     		.2byte	0x1
 929 0038 54       		.byte	0x54
 930 0039 5E000000 		.4byte	.LVL18
 931 003d 66000000 		.4byte	.LVL19
 932 0041 0100     		.2byte	0x1
 933 0043 54       		.byte	0x54
 934 0044 00000000 		.4byte	0
 935 0048 00000000 		.4byte	0
 936              		.section	.debug_aranges,"",%progbits
 937 0000 2C000000 		.4byte	0x2c
 938 0004 0200     		.2byte	0x2
 939 0006 00000000 		.4byte	.Ldebug_info0
 940 000a 04       		.byte	0x4
 941 000b 00       		.byte	0
 942 000c 0000     		.2byte	0
 943 000e 0000     		.2byte	0
 944 0010 00000000 		.4byte	.LFB64
 945 0014 5C000000 		.4byte	.LFE64-.LFB64
 946 0018 00000000 		.4byte	.LFB65
 947 001c 70000000 		.4byte	.LFE65-.LFB65
 948 0020 00000000 		.4byte	.LFB66
 949 0024 10000000 		.4byte	.LFE66-.LFB66
 950 0028 00000000 		.4byte	0
 951 002c 00000000 		.4byte	0
 952              		.section	.debug_ranges,"",%progbits
 953              	.Ldebug_ranges0:
 954 0000 00000000 		.4byte	.LFB64
 955 0004 5C000000 		.4byte	.LFE64
 956 0008 00000000 		.4byte	.LFB65
 957 000c 70000000 		.4byte	.LFE65
 958 0010 00000000 		.4byte	.LFB66
 959 0014 10000000 		.4byte	.LFE66
 960 0018 00000000 		.4byte	0
 961 001c 00000000 		.4byte	0
 962              		.section	.debug_line,"",%progbits
 963              	.Ldebug_line0:
 964 0000 51020000 		.section	.debug_str,"MS",%progbits,1
 964      0200E401 
 964      00000201 
 964      FB0E0D00 
 964      01010101 
 965              	.LASF9:
 966 0000 5F5F696E 		.ascii	"__int32_t\000"
 966      7433325F 
 966      7400
 967              	.LASF19:
 968 000a 74657374 		.ascii	"testData\000"
 968      44617461 
 968      00
 969              	.LASF34:
 970 0013 55415254 		.ascii	"UART_ClearRxBuffer\000"
 970      5F436C65 
 970      61725278 
ARM GAS  C:\Users\yamen\AppData\Local\Temp\ccHrQiNk.s 			page 20


 970      42756666 
 970      657200
 971              	.LASF24:
 972 0026 55415254 		.ascii	"UART_Start\000"
 972      5F537461 
 972      727400
 973              	.LASF31:
 974 0031 4932435F 		.ascii	"I2C_RTC_MasterReadByte\000"
 974      5254435F 
 974      4D617374 
 974      65725265 
 974      61644279 
 975              	.LASF35:
 976 0048 6973725F 		.ascii	"isr_UART_ClearPending\000"
 976      55415254 
 976      5F436C65 
 976      61725065 
 976      6E64696E 
 977              	.LASF12:
 978 005e 666C6F61 		.ascii	"float\000"
 978      7400
 979              	.LASF1:
 980 0064 756E7369 		.ascii	"unsigned char\000"
 980      676E6564 
 980      20636861 
 980      7200
 981              	.LASF36:
 982 0072 474E5520 		.ascii	"GNU C11 5.4.1 20160609 (release) [ARM/embedded-5-br"
 982      43313120 
 982      352E342E 
 982      31203230 
 982      31363036 
 983 00a5 616E6368 		.ascii	"anch revision 237715] -mcpu=cortex-m3 -mthumb -g -O"
 983      20726576 
 983      6973696F 
 983      6E203233 
 983      37373135 
 984 00d8 67202D66 		.ascii	"g -ffunction-sections -ffat-lto-objects\000"
 984      66756E63 
 984      74696F6E 
 984      2D736563 
 984      74696F6E 
 985              	.LASF5:
 986 0100 6C6F6E67 		.ascii	"long unsigned int\000"
 986      20756E73 
 986      69676E65 
 986      6420696E 
 986      7400
 987              	.LASF3:
 988 0112 73686F72 		.ascii	"short unsigned int\000"
 988      7420756E 
 988      7369676E 
 988      65642069 
 988      6E7400
 989              	.LASF29:
 990 0125 4932435F 		.ascii	"I2C_RTC_MasterWriteByte\000"
 990      5254435F 
ARM GAS  C:\Users\yamen\AppData\Local\Temp\ccHrQiNk.s 			page 21


 990      4D617374 
 990      65725772 
 990      69746542 
 991              	.LASF22:
 992 013d 49544D5F 		.ascii	"ITM_RxBuffer\000"
 992      52784275 
 992      66666572 
 992      00
 993              	.LASF32:
 994 014a 4932435F 		.ascii	"I2C_RTC_MasterSendStop\000"
 994      5254435F 
 994      4D617374 
 994      65725365 
 994      6E645374 
 995              	.LASF13:
 996 0161 646F7562 		.ascii	"double\000"
 996      6C6500
 997              	.LASF2:
 998 0168 73686F72 		.ascii	"short int\000"
 998      7420696E 
 998      7400
 999              	.LASF23:
 1000 0172 7274635F 		.ascii	"rtc_data\000"
 1000      64617461 
 1000      00
 1001              	.LASF39:
 1002 017b 6D61696E 		.ascii	"main\000"
 1002      00
 1003              	.LASF8:
 1004 0180 756E7369 		.ascii	"unsigned int\000"
 1004      676E6564 
 1004      20696E74 
 1004      00
 1005              	.LASF7:
 1006 018d 6C6F6E67 		.ascii	"long long unsigned int\000"
 1006      206C6F6E 
 1006      6720756E 
 1006      7369676E 
 1006      65642069 
 1007              	.LASF18:
 1008 01a4 72657375 		.ascii	"result\000"
 1008      6C7400
 1009              	.LASF28:
 1010 01ab 4932435F 		.ascii	"I2C_RTC_MasterSendStart\000"
 1010      5254435F 
 1010      4D617374 
 1010      65725365 
 1010      6E645374 
 1011              	.LASF33:
 1012 01c3 73707269 		.ascii	"sprintf\000"
 1012      6E746600 
 1013              	.LASF21:
 1014 01cb 6D795F69 		.ascii	"my_isr_UART\000"
 1014      73725F55 
 1014      41525400 
 1015              	.LASF10:
 1016 01d7 696E7433 		.ascii	"int32_t\000"
ARM GAS  C:\Users\yamen\AppData\Local\Temp\ccHrQiNk.s 			page 22


 1016      325F7400 
 1017              	.LASF16:
 1018 01df 73697A65 		.ascii	"sizetype\000"
 1018      74797065 
 1018      00
 1019              	.LASF6:
 1020 01e8 6C6F6E67 		.ascii	"long long int\000"
 1020      206C6F6E 
 1020      6720696E 
 1020      7400
 1021              	.LASF37:
 1022 01f6 6D61696E 		.ascii	"main.c\000"
 1022      2E6300
 1023              	.LASF14:
 1024 01fd 63686172 		.ascii	"char\000"
 1024      00
 1025              	.LASF20:
 1026 0202 7265616C 		.ascii	"realTimeClock\000"
 1026      54696D65 
 1026      436C6F63 
 1026      6B00
 1027              	.LASF26:
 1028 0210 4932435F 		.ascii	"I2C_RTC_Start\000"
 1028      5254435F 
 1028      53746172 
 1028      7400
 1029              	.LASF11:
 1030 021e 75696E74 		.ascii	"uint8\000"
 1030      3800
 1031              	.LASF4:
 1032 0224 6C6F6E67 		.ascii	"long int\000"
 1032      20696E74 
 1032      00
 1033              	.LASF17:
 1034 022d 70726F6A 		.ascii	"projectName\000"
 1034      6563744E 
 1034      616D6500 
 1035              	.LASF15:
 1036 0239 6C6F6E67 		.ascii	"long double\000"
 1036      20646F75 
 1036      626C6500 
 1037              	.LASF30:
 1038 0245 4932435F 		.ascii	"I2C_RTC_MasterSendRestart\000"
 1038      5254435F 
 1038      4D617374 
 1038      65725365 
 1038      6E645265 
 1039              	.LASF0:
 1040 025f 7369676E 		.ascii	"signed char\000"
 1040      65642063 
 1040      68617200 
 1041              	.LASF25:
 1042 026b 6973725F 		.ascii	"isr_UART_StartEx\000"
 1042      55415254 
 1042      5F537461 
 1042      72744578 
 1042      00
ARM GAS  C:\Users\yamen\AppData\Local\Temp\ccHrQiNk.s 			page 23


 1043              	.LASF38:
 1044 027c 433A5C55 		.ascii	"C:\\Users\\yamen\\OneDrive\\Dokumente\\GitHub\\Gree"
 1044      73657273 
 1044      5C79616D 
 1044      656E5C4F 
 1044      6E654472 
 1045 02a9 6E2D486F 		.ascii	"n-House\\Green_House\\Green_House.cydsn\000"
 1045      7573655C 
 1045      47726565 
 1045      6E5F486F 
 1045      7573655C 
 1046              	.LASF27:
 1047 02cf 55415254 		.ascii	"UART_PutString\000"
 1047      5F507574 
 1047      53747269 
 1047      6E6700
 1048              		.ident	"GCC: (GNU Tools for ARM Embedded Processors) 5.4.1 20160609 (release) [ARM/embedded-5-bran
